#
# A fatal error has been detected by the Java Runtime Environment:
#
#  EXCEPTION_ACCESS_VIOLATION (0xc0000005) at pc=0x00007ffb60aed051, pid=13000, tid=7344
#
# JRE version: OpenJDK Runtime Environment (19.0.2+7) (build 19.0.2+7-44)
# Java VM: OpenJDK 64-Bit Server VM (19.0.2+7-44, mixed mode, emulated-client, sharing, tiered, compressed oops, compressed class ptrs, g1 gc, windows-amd64)
# Problematic frame:
# V  [jvm.dll+0x21d051]
#
# No core dump will be written. Minidumps are not enabled by default on client versions of Windows
#
# If you would like to submit a bug report, please visit:
#   https://bugreport.java.com/bugreport/crash.jsp
#

---------------  S U M M A R Y ------------

Command Line: -agentlib:jdwp=transport=dt_socket,address=127.0.0.1:51036,suspend=y,server=n -XX:TieredStopAtLevel=1 -Dspring.output.ansi.enabled=always -Dcom.sun.management.jmxremote -Dspring.jmx.enabled=true -Dspring.liveBeansView.mbeanDomain -Dspring.application.admin.enabled=true -Dmanagement.endpoints.jmx.exposure.include=* -Dfile.encoding=GBK -Dsun.stdout.encoding=GBK -Dsun.stderr.encoding=GBK com.cy.StoreApplication

Host: Intel(R) Core(TM) i5-10210U CPU @ 1.60GHz, 8 cores, 19G,  Windows 11 , 64 bit Build 22621 (10.0.22621.2428)
Time: Tue Nov  7 17:11:27 2023  Windows 11 , 64 bit Build 22621 (10.0.22621.2428) elapsed time: 2.687483 seconds (0d 0h 0m 2s)

---------------  T H R E A D  ---------------

Current thread (0x0000014f64f55e40):  JavaThread "main" [_thread_in_vm, id=7344, stack(0x0000003be2b00000,0x0000003be2c00000)]

Stack: [0x0000003be2b00000,0x0000003be2c00000],  sp=0x0000003be2bfcac0,  free space=1010k
Native frames: (J=compiled Java code, j=interpreted, Vv=VM code, C=native code)
V  [jvm.dll+0x21d051]
V  [jvm.dll+0x21e5a5]
V  [jvm.dll+0x21ef01]
V  [jvm.dll+0x2146a1]
V  [jvm.dll+0x5a9cb6]
V  [jvm.dll+0x2257aa]
V  [jvm.dll+0x7cc802]
V  [jvm.dll+0x7cdc4a]
V  [jvm.dll+0x7cdf78]
V  [jvm.dll+0x271e1b]
V  [jvm.dll+0x27203f]
V  [jvm.dll+0x5cb423]
V  [jvm.dll+0x5cd994]
V  [jvm.dll+0x3dd95c]
V  [jvm.dll+0x3dd3f2]
C  0x0000014f6ced125d

Java frames: (J=compiled Java code, j=interpreted, Vv=VM code)
j  sun.rmi.transport.tcp.TCPEndpoint.<clinit>()V+94 java.rmi@19.0.2
v  ~StubRoutines::call_stub 0x0000014f6cea100e
j  sun.rmi.transport.LiveRef.<init>(Ljava/rmi/server/ObjID;ILjava/rmi/server/RMIClientSocketFactory;Ljava/rmi/server/RMIServerSocketFactory;)V+6 java.rmi@19.0.2
j  sun.rmi.transport.LiveRef.<init>(ILjava/rmi/server/RMIClientSocketFactory;Ljava/rmi/server/RMIServerSocketFactory;)V+11 java.rmi@19.0.2
j  sun.rmi.server.UnicastServerRef2.<init>(ILjava/rmi/server/RMIClientSocketFactory;Ljava/rmi/server/RMIServerSocketFactory;Ljava/io/ObjectInputFilter;)V+8 java.rmi@19.0.2
j  sun.management.jmxremote.ConnectorBootstrap$PermanentExporter.exportObject(Ljava/rmi/Remote;ILjava/rmi/server/RMIClientSocketFactory;Ljava/rmi/server/RMIServerSocketFactory;Ljava/io/ObjectInputFilter;)Ljava/rmi/Remote;+72 jdk.management.agent@19.0.2
j  javax.management.remote.rmi.RMIJRMPServerImpl.export(Ljava/rmi/Remote;Ljava/io/ObjectInputFilter;)V+62 java.management.rmi@19.0.2
j  javax.management.remote.rmi.RMIJRMPServerImpl.export()V+6 java.management.rmi@19.0.2
j  javax.management.remote.rmi.RMIConnectorServer.start()V+246 java.management.rmi@19.0.2
j  sun.management.jmxremote.ConnectorBootstrap.startLocalConnectorServer()Ljavax/management/remote/JMXConnectorServer;+290 jdk.management.agent@19.0.2
j  jdk.internal.agent.Agent.startLocalManagementAgent()V+13 jdk.management.agent@19.0.2
j  jdk.internal.agent.Agent.startAgent(Ljava/util/Properties;)V+58 jdk.management.agent@19.0.2
j  jdk.internal.agent.Agent.startAgent()V+20 jdk.management.agent@19.0.2
v  ~StubRoutines::call_stub 0x0000014f6cea100e

siginfo: EXCEPTION_ACCESS_VIOLATION (0xc0000005), reading address 0x0000014f807f85f1


Registers:
RAX=0x0000014f807f85f1, RBX=0x0000014f64f55e40, RCX=0x0000003be2bfcfd0, RDX=0x0000014f7edf87b8
RSP=0x0000003be2bfcac0, RBP=0x0000003be2bfcbc0, RSI=0x0000000000000000, RDI=0x0000003be2bfcfd0
R8 =0x0000000000000000, R9 =0x0000014f003a86a8, R10=0x0000014f62dfdd10, R11=0x0000000000000002
R12=0x0000003be2bfd16b, R13=0x0000003be2bfcfd0, R14=0x0000014f7edf87b8, R15=0x0000014f003a86a8
RIP=0x00007ffb60aed051, EFLAGS=0x0000000000010246


Register to memory mapping:

RIP=0x00007ffb60aed051 jvm.dll
RAX=0x0000014f807f85f1 is an unknown value
RBX=0x0000014f64f55e40 is a thread
RCX=0x0000003be2bfcfd0 is pointing into the stack for thread: 0x0000014f64f55e40
RDX=0x0000014f7edf87b8 points into unknown readable memory: 0x00007ffb6123e710 | 10 e7 23 61 fb 7f 00 00
RSP=0x0000003be2bfcac0 is pointing into the stack for thread: 0x0000014f64f55e40
RBP=0x0000003be2bfcbc0 is pointing into the stack for thread: 0x0000014f64f55e40
RSI=0x0 is NULL
RDI=0x0000003be2bfcfd0 is pointing into the stack for thread: 0x0000014f64f55e40
R8 =0x0 is NULL
R9 =0x0000014f003a86a8 is pointing into metadata
R10=0x0000014f62dfdd10 points into unknown readable memory: 0x0000014f00000002 | 02 00 00 00 4f 01 00 00
R11=0x0000000000000002 is an unknown value
R12=0x0000003be2bfd16b is pointing into the stack for thread: 0x0000014f64f55e40
R13=0x0000003be2bfcfd0 is pointing into the stack for thread: 0x0000014f64f55e40
R14=0x0000014f7edf87b8 points into unknown readable memory: 0x00007ffb6123e710 | 10 e7 23 61 fb 7f 00 00
R15=0x0000014f003a86a8 is pointing into metadata


Top of Stack: (sp=0x0000003be2bfcac0)
0x0000003be2bfcac0:   0000014f64f55e40 0000003be2bfcbc0
0x0000003be2bfcad0:   00000000ffffffff 0000000000000000
0x0000003be2bfcae0:   0000014f7edf8ae8 0000014f00000000
0x0000003be2bfcaf0:   0000014f7edf92e8 0000014f7edf94e8
0x0000003be2bfcb00:   0000014f64f55e40 0000014f7edf8800
0x0000003be2bfcb10:   000a000000000000 000000010000000a
0x0000003be2bfcb20:   00000000000001a8 0207020601000000
0x0000003be2bfcb30:   0000000c7e290004 0000004900000000
0x0000003be2bfcb40:   00000000ffffffff 0000000001a00560
0x0000003be2bfcb50:   0000000000000000 0000000000000000
0x0000003be2bfcb60:   0000000000000000 0000014f7edf94e8
0x0000003be2bfcb70:   0000014f7edf92e8 0000014f7edf8ae8
0x0000003be2bfcb80:   0000014f7edf88e8 00000100ffffffff
0x0000003be2bfcb90:   0000014f00000000 0000014f7e95e570
0x0000003be2bfcba0:   0000000000000000 0000000000000000
0x0000003be2bfcbb0:   00000000000003d0 0000000000000000 

Instructions: (pc=0x00007ffb60aed051)
0x00007ffb60aecf51:   89 bc 24 98 00 00 00 0f b7 00 44 3b f8 0f 8c ec
0x00007ffb60aecf61:   fd ff ff 48 8b 44 24 40 eb 19 48 89 74 24 20 48
0x00007ffb60aecf71:   8d 15 59 22 75 00 4d 8b cd 48 8b cb e8 fe 6f ff
0x00007ffb60aecf81:   ff 33 c0 4c 8b bc 24 90 00 00 00 48 83 c4 50 41
0x00007ffb60aecf91:   5e 41 5d 41 5c 5f 5e 5d 5b c3 48 89 74 24 20 48
0x00007ffb60aecfa1:   8d 15 f9 21 75 00 4d 8b cd 44 8b c0 eb cb cc 4c
0x00007ffb60aecfb1:   89 4c 24 20 48 89 4c 24 08 55 53 56 57 41 55 41
0x00007ffb60aecfc1:   56 41 57 48 8d ac 24 20 ff ff ff 48 81 ec e0 01
0x00007ffb60aecfd1:   00 00 48 8b 9d 48 01 00 00 4d 8b f9 41 0f b6 f0
0x00007ffb60aecfe1:   4c 8b f2 4c 8b e9 4c 8b 93 50 02 00 00 4c 89 95
0x00007ffb60aecff1:   b8 00 00 00 49 8b 42 10 48 89 85 c0 00 00 00 49
0x00007ffb60aed001:   8b 42 18 48 89 85 c8 00 00 00 49 8b 42 20 48 89
0x00007ffb60aed011:   85 d0 00 00 00 49 8b 42 28 48 89 85 d8 00 00 00
0x00007ffb60aed021:   48 8b 42 10 48 2b 42 18 48 83 f8 08 73 0b 48 8b
0x00007ffb60aed031:   d3 49 8b ce e8 b6 3e 00 00 48 83 7b 08 00 4c 89
0x00007ffb60aed041:   a4 24 30 02 00 00 0f 85 6a 01 00 00 49 8b 46 18
0x00007ffb60aed051:   0f b7 08 48 83 c0 02 49 89 46 18 66 c1 c9 08 0f
0x00007ffb60aed061:   b7 f9 0f b7 10 48 83 c0 02 66 c1 ca 08 49 89 46
0x00007ffb60aed071:   18 49 8b 45 28 44 0f b7 c2 66 89 54 24 6c 44 3b
0x00007ffb60aed081:   40 3c 7d 0e 48 8b 40 08 42 0f b6 44 00 04 3c 01
0x00007ffb60aed091:   74 02 32 c0 41 80 bd 98 01 00 00 00 74 1b 84 c0
0x00007ffb60aed0a1:   75 17 4c 8b cb 48 8d 15 a3 23 75 00 49 8b cd e8
0x00007ffb60aed0b1:   ab 6f ff ff 0f b7 54 24 6c 48 83 7b 08 00 0f 85
0x00007ffb60aed0c1:   f2 00 00 00 0f b7 c2 4c 8b c3 49 8b cd 48 8d 04
0x00007ffb60aed0d1:   c5 48 00 00 00 4e 8b 24 38 49 8b d4 48 89 85 98
0x00007ffb60aed0e1:   00 00 00 4c 89 65 60 e8 33 37 00 00 48 83 7b 08
0x00007ffb60aed0f1:   00 0f 85 bf 00 00 00 49 8b 46 18 0f b7 10 48 83
0x00007ffb60aed101:   c0 02 66 c1 ca 08 49 89 46 18 49 8b 45 28 44 0f
0x00007ffb60aed111:   b7 c2 66 89 54 24 6e 44 3b 40 3c 7d 0e 48 8b 40
0x00007ffb60aed121:   08 42 0f b6 44 00 04 3c 01 74 17 4c 8b cb 48 8d
0x00007ffb60aed131:   15 5a 23 75 00 49 8b cd e8 22 6f ff ff 0f b7 54
0x00007ffb60aed141:   24 6e 48 83 7b 08 00 75 6d 48 8b 0d 2f f6 9d 00 


Stack slot to memory mapping:
stack at sp + 0 slots: 0x0000014f64f55e40 is a thread
stack at sp + 1 slots: 0x0000003be2bfcbc0 is pointing into the stack for thread: 0x0000014f64f55e40
stack at sp + 2 slots: 0x00000000ffffffff is an unknown value
stack at sp + 3 slots: 0x0 is NULL
stack at sp + 4 slots: 0x0000014f7edf8ae8 points into unknown readable memory: 0x0000014f7edf8373 | 73 83 df 7e 4f 01 00 00
stack at sp + 5 slots: 0x0000014f00000000 is pointing into metadata
stack at sp + 6 slots: 0x0000014f7edf92e8 points into unknown readable memory: 0x0000000000000002 | 02 00 00 00 00 00 00 00
stack at sp + 7 slots: 0x0000014f7edf94e8 points into unknown readable memory: 0x0000014f7edf94f8 | f8 94 df 7e 4f 01 00 00


---------------  P R O C E S S  ---------------

Threads class SMR info:
_java_thread_list=0x0000014f7ec8bb10, length=17, elements={
0x0000014f64f55e40, 0x0000014f7e2b82a0, 0x0000014f7e2b9090, 0x0000014f7e2c2010,
0x0000014f7e2c2c00, 0x0000014f7e2c46a0, 0x0000014f7e2c4fd0, 0x0000014f7e2cae50,
0x0000014f7e2d37d0, 0x0000014f7e2892e0, 0x0000014f7e289ad0, 0x0000014f7e8ca680,
0x0000014f7e8ed7a0, 0x0000014f7e8edcf0, 0x0000014f7e8f2510, 0x0000014f7ec97df0,
0x0000014f7ec98520
}

Java Threads: ( => current thread )
=>0x0000014f64f55e40 JavaThread "main" [_thread_in_vm, id=7344, stack(0x0000003be2b00000,0x0000003be2c00000)]
  0x0000014f7e2b82a0 JavaThread "Reference Handler" daemon [_thread_blocked, id=8028, stack(0x0000003be3200000,0x0000003be3300000)]
  0x0000014f7e2b9090 JavaThread "Finalizer" daemon [_thread_blocked, id=2780, stack(0x0000003be3300000,0x0000003be3400000)]
  0x0000014f7e2c2010 JavaThread "Signal Dispatcher" daemon [_thread_blocked, id=15816, stack(0x0000003be3400000,0x0000003be3500000)]
  0x0000014f7e2c2c00 JavaThread "Attach Listener" daemon [_thread_blocked, id=14080, stack(0x0000003be3500000,0x0000003be3600000)]
  0x0000014f7e2c46a0 JavaThread "Service Thread" daemon [_thread_blocked, id=5552, stack(0x0000003be3600000,0x0000003be3700000)]
  0x0000014f7e2c4fd0 JavaThread "Monitor Deflation Thread" daemon [_thread_blocked, id=15776, stack(0x0000003be3700000,0x0000003be3800000)]
  0x0000014f7e2cae50 JavaThread "C1 CompilerThread0" daemon [_thread_blocked, id=9900, stack(0x0000003be3800000,0x0000003be3900000)]
  0x0000014f7e2d37d0 JavaThread "Sweeper thread" daemon [_thread_blocked, id=7840, stack(0x0000003be3900000,0x0000003be3a00000)]
  0x0000014f7e2892e0 JavaThread "Common-Cleaner" daemon [_thread_blocked, id=6480, stack(0x0000003be3a00000,0x0000003be3b00000)]
  0x0000014f7e289ad0 JavaThread "C1 CompilerThread1" daemon [_thread_blocked, id=2736, stack(0x0000003be3b00000,0x0000003be3c00000)]
  0x0000014f7e8ca680 JavaThread "JDWP Transport Listener: dt_socket" daemon [_thread_blocked, id=5524, stack(0x0000003be3d00000,0x0000003be3e00000)]
  0x0000014f7e8ed7a0 JavaThread "JDWP Event Helper Thread" daemon [_thread_blocked, id=6848, stack(0x0000003be3e00000,0x0000003be3f00000)]
  0x0000014f7e8edcf0 JavaThread "JDWP Command Reader" daemon [_thread_in_native, id=13984, stack(0x0000003be3f00000,0x0000003be4000000)]
  0x0000014f7e8f2510 JavaThread "Notification Thread" daemon [_thread_blocked, id=6248, stack(0x0000003be4000000,0x0000003be4100000)]
  0x0000014f7ec97df0 JavaThread "C1 CompilerThread2" daemon [_thread_blocked, id=14504, stack(0x0000003be3c00000,0x0000003be3d00000)]
  0x0000014f7ec98520 JavaThread "C1 CompilerThread3" daemon [_thread_blocked, id=16048, stack(0x0000003be4100000,0x0000003be4200000)]

Other Threads:
  0x0000014f7e299680 VMThread "VM Thread" [stack: 0x0000003be3100000,0x0000003be3200000] [id=5460]
  0x0000014f64fd1b70 WorkerThread "GC Thread#0" [stack: 0x0000003be2c00000,0x0000003be2d00000] [id=1236]
  0x0000014f64fdc8a0 ConcurrentGCThread "G1 Main Marker" [stack: 0x0000003be2d00000,0x0000003be2e00000] [id=16172]
  0x0000014f64fdd380 WorkerThread "G1 Conc#0" [stack: 0x0000003be2e00000,0x0000003be2f00000] [id=12492]
  0x0000014f6500d160 ConcurrentGCThread "G1 Refine#0" [stack: 0x0000003be2f00000,0x0000003be3000000] [id=9504]
  0x0000014f6500dbb0 ConcurrentGCThread "G1 Service" [stack: 0x0000003be3000000,0x0000003be3100000] [id=15996]

Threads with active compile tasks:

VM state: not at safepoint (normal execution)

VM Mutex/Monitor currently owned by a thread: None

Heap address: 0x00000006c2800000, size: 5080 MB, Compressed Oops mode: Zero based, Oop shift amount: 3

CDS archive(s) mapped at: [0x0000000800000000-0x0000000800c40000-0x0000000800c40000), size 12845056, SharedBaseAddress: 0x0000000800000000, ArchiveRelocationMode: 0.
Compressed class space mapped at: 0x0000000801000000-0x0000000841000000, reserved size: 1073741824
Narrow klass base: 0x0000000800000000, Narrow klass shift: 0, Narrow klass range: 0x100000000

GC Precious Log:
 CardTable entry size: 512
 Card Set container configuration: InlinePtr #cards 4 size 8 Array Of Cards #cards 32 size 80 Howl #buckets 8 coarsen threshold 7372 Howl Bitmap #cards 1024 size 144 coarsen threshold 921 Card regions per heap region 1 cards per card region 8192
 CPUs: 8 total, 8 available
 Memory: 20313M
 Large Page Support: Disabled
 NUMA Support: Disabled
 Compressed Oops: Enabled (Zero based)
 Heap Region Size: 4M
 Heap Min Capacity: 8M
 Heap Initial Capacity: 320M
 Heap Max Capacity: 5080M
 Pre-touch: Disabled
 Parallel Workers: 8
 Concurrent Workers: 2
 Concurrent Refinement Workers: 8
 Periodic GC: Disabled

Heap:
 garbage-first heap   total 327680K, used 12288K [0x00000006c2800000, 0x0000000800000000)
  region size 4096K, 4 young (16384K), 0 survivors (0K)
 Metaspace       used 4365K, committed 4608K, reserved 1114112K
  class space    used 507K, committed 640K, reserved 1048576K

Heap Regions: E=young(eden), S=young(survivor), O=old, HS=humongous(starts), HC=humongous(continues), CS=collection set, F=free, OA=open archive, CA=closed archive, TAMS=top-at-mark-start (previous, next)
|   0|0x00000006c2800000, 0x00000006c2800000, 0x00000006c2c00000|  0%| F|  |TAMS 0x00000006c2800000, 0x00000006c2800000| Untracked 
|   1|0x00000006c2c00000, 0x00000006c2c00000, 0x00000006c3000000|  0%| F|  |TAMS 0x00000006c2c00000, 0x00000006c2c00000| Untracked 
|   2|0x00000006c3000000, 0x00000006c3000000, 0x00000006c3400000|  0%| F|  |TAMS 0x00000006c3000000, 0x00000006c3000000| Untracked 
|   3|0x00000006c3400000, 0x00000006c3400000, 0x00000006c3800000|  0%| F|  |TAMS 0x00000006c3400000, 0x00000006c3400000| Untracked 
|   4|0x00000006c3800000, 0x00000006c3800000, 0x00000006c3c00000|  0%| F|  |TAMS 0x00000006c3800000, 0x00000006c3800000| Untracked 
|   5|0x00000006c3c00000, 0x00000006c3c00000, 0x00000006c4000000|  0%| F|  |TAMS 0x00000006c3c00000, 0x00000006c3c00000| Untracked 
|   6|0x00000006c4000000, 0x00000006c4000000, 0x00000006c4400000|  0%| F|  |TAMS 0x00000006c4000000, 0x00000006c4000000| Untracked 
|   7|0x00000006c4400000, 0x00000006c4400000, 0x00000006c4800000|  0%| F|  |TAMS 0x00000006c4400000, 0x00000006c4400000| Untracked 
|   8|0x00000006c4800000, 0x00000006c4800000, 0x00000006c4c00000|  0%| F|  |TAMS 0x00000006c4800000, 0x00000006c4800000| Untracked 
|   9|0x00000006c4c00000, 0x00000006c4c00000, 0x00000006c5000000|  0%| F|  |TAMS 0x00000006c4c00000, 0x00000006c4c00000| Untracked 
|  10|0x00000006c5000000, 0x00000006c5000000, 0x00000006c5400000|  0%| F|  |TAMS 0x00000006c5000000, 0x00000006c5000000| Untracked 
|  11|0x00000006c5400000, 0x00000006c5400000, 0x00000006c5800000|  0%| F|  |TAMS 0x00000006c5400000, 0x00000006c5400000| Untracked 
|  12|0x00000006c5800000, 0x00000006c5800000, 0x00000006c5c00000|  0%| F|  |TAMS 0x00000006c5800000, 0x00000006c5800000| Untracked 
|  13|0x00000006c5c00000, 0x00000006c5c00000, 0x00000006c6000000|  0%| F|  |TAMS 0x00000006c5c00000, 0x00000006c5c00000| Untracked 
|  14|0x00000006c6000000, 0x00000006c6000000, 0x00000006c6400000|  0%| F|  |TAMS 0x00000006c6000000, 0x00000006c6000000| Untracked 
|  15|0x00000006c6400000, 0x00000006c6400000, 0x00000006c6800000|  0%| F|  |TAMS 0x00000006c6400000, 0x00000006c6400000| Untracked 
|  16|0x00000006c6800000, 0x00000006c6800000, 0x00000006c6c00000|  0%| F|  |TAMS 0x00000006c6800000, 0x00000006c6800000| Untracked 
|  17|0x00000006c6c00000, 0x00000006c6c00000, 0x00000006c7000000|  0%| F|  |TAMS 0x00000006c6c00000, 0x00000006c6c00000| Untracked 
|  18|0x00000006c7000000, 0x00000006c7000000, 0x00000006c7400000|  0%| F|  |TAMS 0x00000006c7000000, 0x00000006c7000000| Untracked 
|  19|0x00000006c7400000, 0x00000006c7400000, 0x00000006c7800000|  0%| F|  |TAMS 0x00000006c7400000, 0x00000006c7400000| Untracked 
|  20|0x00000006c7800000, 0x00000006c7800000, 0x00000006c7c00000|  0%| F|  |TAMS 0x00000006c7800000, 0x00000006c7800000| Untracked 
|  21|0x00000006c7c00000, 0x00000006c7c00000, 0x00000006c8000000|  0%| F|  |TAMS 0x00000006c7c00000, 0x00000006c7c00000| Untracked 
|  22|0x00000006c8000000, 0x00000006c8000000, 0x00000006c8400000|  0%| F|  |TAMS 0x00000006c8000000, 0x00000006c8000000| Untracked 
|  23|0x00000006c8400000, 0x00000006c8400000, 0x00000006c8800000|  0%| F|  |TAMS 0x00000006c8400000, 0x00000006c8400000| Untracked 
|  24|0x00000006c8800000, 0x00000006c8800000, 0x00000006c8c00000|  0%| F|  |TAMS 0x00000006c8800000, 0x00000006c8800000| Untracked 
|  25|0x00000006c8c00000, 0x00000006c8c00000, 0x00000006c9000000|  0%| F|  |TAMS 0x00000006c8c00000, 0x00000006c8c00000| Untracked 
|  26|0x00000006c9000000, 0x00000006c9000000, 0x00000006c9400000|  0%| F|  |TAMS 0x00000006c9000000, 0x00000006c9000000| Untracked 
|  27|0x00000006c9400000, 0x00000006c9400000, 0x00000006c9800000|  0%| F|  |TAMS 0x00000006c9400000, 0x00000006c9400000| Untracked 
|  28|0x00000006c9800000, 0x00000006c9800000, 0x00000006c9c00000|  0%| F|  |TAMS 0x00000006c9800000, 0x00000006c9800000| Untracked 
|  29|0x00000006c9c00000, 0x00000006c9c00000, 0x00000006ca000000|  0%| F|  |TAMS 0x00000006c9c00000, 0x00000006c9c00000| Untracked 
|  30|0x00000006ca000000, 0x00000006ca000000, 0x00000006ca400000|  0%| F|  |TAMS 0x00000006ca000000, 0x00000006ca000000| Untracked 
|  31|0x00000006ca400000, 0x00000006ca400000, 0x00000006ca800000|  0%| F|  |TAMS 0x00000006ca400000, 0x00000006ca400000| Untracked 
|  32|0x00000006ca800000, 0x00000006ca800000, 0x00000006cac00000|  0%| F|  |TAMS 0x00000006ca800000, 0x00000006ca800000| Untracked 
|  33|0x00000006cac00000, 0x00000006cac00000, 0x00000006cb000000|  0%| F|  |TAMS 0x00000006cac00000, 0x00000006cac00000| Untracked 
|  34|0x00000006cb000000, 0x00000006cb000000, 0x00000006cb400000|  0%| F|  |TAMS 0x00000006cb000000, 0x00000006cb000000| Untracked 
|  35|0x00000006cb400000, 0x00000006cb400000, 0x00000006cb800000|  0%| F|  |TAMS 0x00000006cb400000, 0x00000006cb400000| Untracked 
|  36|0x00000006cb800000, 0x00000006cb800000, 0x00000006cbc00000|  0%| F|  |TAMS 0x00000006cb800000, 0x00000006cb800000| Untracked 
|  37|0x00000006cbc00000, 0x00000006cbc00000, 0x00000006cc000000|  0%| F|  |TAMS 0x00000006cbc00000, 0x00000006cbc00000| Untracked 
|  38|0x00000006cc000000, 0x00000006cc000000, 0x00000006cc400000|  0%| F|  |TAMS 0x00000006cc000000, 0x00000006cc000000| Untracked 
|  39|0x00000006cc400000, 0x00000006cc400000, 0x00000006cc800000|  0%| F|  |TAMS 0x00000006cc400000, 0x00000006cc400000| Untracked 
|  40|0x00000006cc800000, 0x00000006cc800000, 0x00000006ccc00000|  0%| F|  |TAMS 0x00000006cc800000, 0x00000006cc800000| Untracked 
|  41|0x00000006ccc00000, 0x00000006ccc00000, 0x00000006cd000000|  0%| F|  |TAMS 0x00000006ccc00000, 0x00000006ccc00000| Untracked 
|  42|0x00000006cd000000, 0x00000006cd000000, 0x00000006cd400000|  0%| F|  |TAMS 0x00000006cd000000, 0x00000006cd000000| Untracked 
|  43|0x00000006cd400000, 0x00000006cd400000, 0x00000006cd800000|  0%| F|  |TAMS 0x00000006cd400000, 0x00000006cd400000| Untracked 
|  44|0x00000006cd800000, 0x00000006cd800000, 0x00000006cdc00000|  0%| F|  |TAMS 0x00000006cd800000, 0x00000006cd800000| Untracked 
|  45|0x00000006cdc00000, 0x00000006cdc00000, 0x00000006ce000000|  0%| F|  |TAMS 0x00000006cdc00000, 0x00000006cdc00000| Untracked 
|  46|0x00000006ce000000, 0x00000006ce000000, 0x00000006ce400000|  0%| F|  |TAMS 0x00000006ce000000, 0x00000006ce000000| Untracked 
|  47|0x00000006ce400000, 0x00000006ce400000, 0x00000006ce800000|  0%| F|  |TAMS 0x00000006ce400000, 0x00000006ce400000| Untracked 
|  48|0x00000006ce800000, 0x00000006ce800000, 0x00000006cec00000|  0%| F|  |TAMS 0x00000006ce800000, 0x00000006ce800000| Untracked 
|  49|0x00000006cec00000, 0x00000006cec00000, 0x00000006cf000000|  0%| F|  |TAMS 0x00000006cec00000, 0x00000006cec00000| Untracked 
|  50|0x00000006cf000000, 0x00000006cf000000, 0x00000006cf400000|  0%| F|  |TAMS 0x00000006cf000000, 0x00000006cf000000| Untracked 
|  51|0x00000006cf400000, 0x00000006cf400000, 0x00000006cf800000|  0%| F|  |TAMS 0x00000006cf400000, 0x00000006cf400000| Untracked 
|  52|0x00000006cf800000, 0x00000006cf800000, 0x00000006cfc00000|  0%| F|  |TAMS 0x00000006cf800000, 0x00000006cf800000| Untracked 
|  53|0x00000006cfc00000, 0x00000006cfc00000, 0x00000006d0000000|  0%| F|  |TAMS 0x00000006cfc00000, 0x00000006cfc00000| Untracked 
|  54|0x00000006d0000000, 0x00000006d0000000, 0x00000006d0400000|  0%| F|  |TAMS 0x00000006d0000000, 0x00000006d0000000| Untracked 
|  55|0x00000006d0400000, 0x00000006d0400000, 0x00000006d0800000|  0%| F|  |TAMS 0x00000006d0400000, 0x00000006d0400000| Untracked 
|  56|0x00000006d0800000, 0x00000006d0800000, 0x00000006d0c00000|  0%| F|  |TAMS 0x00000006d0800000, 0x00000006d0800000| Untracked 
|  57|0x00000006d0c00000, 0x00000006d0c00000, 0x00000006d1000000|  0%| F|  |TAMS 0x00000006d0c00000, 0x00000006d0c00000| Untracked 
|  58|0x00000006d1000000, 0x00000006d1000000, 0x00000006d1400000|  0%| F|  |TAMS 0x00000006d1000000, 0x00000006d1000000| Untracked 
|  59|0x00000006d1400000, 0x00000006d1400000, 0x00000006d1800000|  0%| F|  |TAMS 0x00000006d1400000, 0x00000006d1400000| Untracked 
|  60|0x00000006d1800000, 0x00000006d1800000, 0x00000006d1c00000|  0%| F|  |TAMS 0x00000006d1800000, 0x00000006d1800000| Untracked 
|  61|0x00000006d1c00000, 0x00000006d1c00000, 0x00000006d2000000|  0%| F|  |TAMS 0x00000006d1c00000, 0x00000006d1c00000| Untracked 
|  62|0x00000006d2000000, 0x00000006d2000000, 0x00000006d2400000|  0%| F|  |TAMS 0x00000006d2000000, 0x00000006d2000000| Untracked 
|  63|0x00000006d2400000, 0x00000006d2400000, 0x00000006d2800000|  0%| F|  |TAMS 0x00000006d2400000, 0x00000006d2400000| Untracked 
|  64|0x00000006d2800000, 0x00000006d2800000, 0x00000006d2c00000|  0%| F|  |TAMS 0x00000006d2800000, 0x00000006d2800000| Untracked 
|  65|0x00000006d2c00000, 0x00000006d2c00000, 0x00000006d3000000|  0%| F|  |TAMS 0x00000006d2c00000, 0x00000006d2c00000| Untracked 
|  66|0x00000006d3000000, 0x00000006d3000000, 0x00000006d3400000|  0%| F|  |TAMS 0x00000006d3000000, 0x00000006d3000000| Untracked 
|  67|0x00000006d3400000, 0x00000006d3400000, 0x00000006d3800000|  0%| F|  |TAMS 0x00000006d3400000, 0x00000006d3400000| Untracked 
|  68|0x00000006d3800000, 0x00000006d3800000, 0x00000006d3c00000|  0%| F|  |TAMS 0x00000006d3800000, 0x00000006d3800000| Untracked 
|  69|0x00000006d3c00000, 0x00000006d3c00000, 0x00000006d4000000|  0%| F|  |TAMS 0x00000006d3c00000, 0x00000006d3c00000| Untracked 
|  70|0x00000006d4000000, 0x00000006d4000000, 0x00000006d4400000|  0%| F|  |TAMS 0x00000006d4000000, 0x00000006d4000000| Untracked 
|  71|0x00000006d4400000, 0x00000006d4400000, 0x00000006d4800000|  0%| F|  |TAMS 0x00000006d4400000, 0x00000006d4400000| Untracked 
|  72|0x00000006d4800000, 0x00000006d4800000, 0x00000006d4c00000|  0%| F|  |TAMS 0x00000006d4800000, 0x00000006d4800000| Untracked 
|  73|0x00000006d4c00000, 0x00000006d4c00000, 0x00000006d5000000|  0%| F|  |TAMS 0x00000006d4c00000, 0x00000006d4c00000| Untracked 
|  74|0x00000006d5000000, 0x00000006d5000000, 0x00000006d5400000|  0%| F|  |TAMS 0x00000006d5000000, 0x00000006d5000000| Untracked 
|  75|0x00000006d5400000, 0x00000006d5400000, 0x00000006d5800000|  0%| F|  |TAMS 0x00000006d5400000, 0x00000006d5400000| Untracked 
|  76|0x00000006d5800000, 0x00000006d5b9a318, 0x00000006d5c00000| 90%| E|  |TAMS 0x00000006d5800000, 0x00000006d5800000| Complete 
|  77|0x00000006d5c00000, 0x00000006d6000000, 0x00000006d6000000|100%| E|CS|TAMS 0x00000006d5c00000, 0x00000006d5c00000| Complete 
|  78|0x00000006d6000000, 0x00000006d6400000, 0x00000006d6400000|100%| E|CS|TAMS 0x00000006d6000000, 0x00000006d6000000| Complete 
|  79|0x00000006d6400000, 0x00000006d6800000, 0x00000006d6800000|100%| E|CS|TAMS 0x00000006d6400000, 0x00000006d6400000| Complete 

Card table byte_map: [0x0000014f709a0000,0x0000014f71390000] _byte_map_base: 0x0000014f6d38c000

Marking Bits (Prev, Next): (CMBitMap*) 0x0000014f64fd20b0, (CMBitMap*) 0x0000014f64fd20f0
 Prev Bits: [0x0000014f71d80000, 0x0000014f76ce0000)
 Next Bits: [0x0000014f76ce0000, 0x0000014f7bc40000)

Polling page: 0x0000014f64710000

Metaspace:

Usage:
  Non-class:      3.77 MB used.
      Class:    507.55 KB used.
       Both:      4.26 MB used.

Virtual space:
  Non-class space:       64.00 MB reserved,       3.88 MB (  6%) committed,  1 nodes.
      Class space:        1.00 GB reserved,     640.00 KB ( <1%) committed,  1 nodes.
             Both:        1.06 GB reserved,       4.50 MB ( <1%) committed. 

Chunk freelists:
   Non-Class:  3.86 MB
       Class:  3.25 MB
        Both:  7.10 MB

MaxMetaspaceSize: unlimited
CompressedClassSpaceSize: 1.00 GB
Initial GC threshold: 21.00 MB
Current GC threshold: 21.00 MB
CDS: on
MetaspaceReclaimPolicy: balanced
 - commit_granule_bytes: 65536.
 - commit_granule_words: 8192.
 - virtual_space_node_default_size: 8388608.
 - enlarge_chunks_in_place: 1.
 - new_chunks_are_fully_committed: 0.
 - uncommit_free_chunks: 1.
 - use_allocation_guard: 0.


Internal statistics:

num_allocs_failed_limit: 0.
num_arena_births: 144.
num_arena_deaths: 0.
num_vsnodes_births: 2.
num_vsnodes_deaths: 0.
num_space_committed: 72.
num_space_uncommitted: 0.
num_chunks_returned_to_freelist: 0.
num_chunks_taken_from_freelist: 192.
num_chunk_merges: 0.
num_chunk_splits: 110.
num_chunks_enlarged: 31.
num_inconsistent_stats: 0.

CodeCache: size=49152Kb used=4549Kb max_used=4549Kb free=44602Kb
 bounds [0x0000014f6cea0000, 0x0000014f6d320000, 0x0000014f6fea0000]
 total_blobs=1605 nmethods=1148 adapters=380
 compilation: enabled
              stopped_count=0, restarted_count=0
 full_count=0

Compilation events (20 events):
Event: 2.651 Thread 0x0000014f7e2cae50 nmethod 1137 0x0000014f6d30c590 code [0x0000014f6d30c760, 0x0000014f6d30c9b8]
Event: 2.652 Thread 0x0000014f7ec98520 nmethod 1133 0x0000014f6d30cb10 code [0x0000014f6d30cd20, 0x0000014f6d30d478]
Event: 2.656 Thread 0x0000014f7ec98520 1138       1       sun.security.provider.ByteArrayAccess::b2iBig64 (231 bytes)
Event: 2.658 Thread 0x0000014f7ec97df0 1139       1       java.util.concurrent.atomic.AtomicLong::get (5 bytes)
Event: 2.658 Thread 0x0000014f7ec97df0 nmethod 1139 0x0000014f6d30d810 code [0x0000014f6d30d9a0, 0x0000014f6d30da78]
Event: 2.659 Thread 0x0000014f7ec97df0 1140       1       java.util.concurrent.atomic.AtomicLong::compareAndSet (13 bytes)
Event: 2.659 Thread 0x0000014f7e2cae50 1141       1       java.util.Random::nextBoolean (14 bytes)
Event: 2.659 Thread 0x0000014f7e289ad0 1142       1       java.util.Random::next (47 bytes)
Event: 2.659 Thread 0x0000014f7ec97df0 nmethod 1140 0x0000014f6d30db10 code [0x0000014f6d30dca0, 0x0000014f6d30dd78]
Event: 2.659 Thread 0x0000014f7e2cae50 nmethod 1141 0x0000014f6d30de10 code [0x0000014f6d30dfc0, 0x0000014f6d30e0c8]
Event: 2.659 Thread 0x0000014f7e289ad0 nmethod 1142 0x0000014f6d30e190 code [0x0000014f6d30e320, 0x0000014f6d30e478]
Event: 2.661 Thread 0x0000014f7ec98520 nmethod 1138 0x0000014f6d30e590 code [0x0000014f6d30e820, 0x0000014f6d30f298]
Event: 2.662 Thread 0x0000014f7e2cae50 1145       1       sun.invoke.util.VerifyAccess::isTypeVisible (47 bytes)
Event: 2.663 Thread 0x0000014f7e2cae50 nmethod 1145 0x0000014f6d310590 code [0x0000014f6d310760, 0x0000014f6d310958]
Event: 2.665 Thread 0x0000014f7ec97df0 1146       1       java.lang.invoke.DirectMethodHandle$Constructor::<init> (44 bytes)
Event: 2.665 Thread 0x0000014f7e2cae50 1147       1       java.lang.invoke.MethodHandle::isBuiltinLoader (24 bytes)
Event: 2.666 Thread 0x0000014f7e2cae50 nmethod 1147 0x0000014f6d310b10 code [0x0000014f6d310ca0, 0x0000014f6d310d98]
Event: 2.666 Thread 0x0000014f7ec97df0 nmethod 1146 0x0000014f6d310e10 code [0x0000014f6d310fc0, 0x0000014f6d311188]
Event: 2.678 Thread 0x0000014f7ec97df0 1148       1       java.lang.Enum::equals (11 bytes)
Event: 2.678 Thread 0x0000014f7ec97df0 nmethod 1148 0x0000014f6d311210 code [0x0000014f6d3113a0, 0x0000014f6d311478]

GC Heap History (0 events):
No events

Dll operation events (8 events):
Event: 0.014 Loaded shared library C:\Users\£¨TJX-love-LJQ£©\.jdks\openjdk-19.0.2\bin\java.dll
Event: 0.029 Loaded shared library C:\Users\£¨TJX-love-LJQ£©\.jdks\openjdk-19.0.2\bin\jsvml.dll
Event: 1.475 Loaded shared library C:\Users\£¨TJX-love-LJQ£©\.jdks\openjdk-19.0.2\bin\jimage.dll
Event: 1.483 Loaded shared library C:\Users\£¨TJX-love-LJQ£©\.jdks\openjdk-19.0.2\bin\net.dll
Event: 1.486 Loaded shared library C:\Users\£¨TJX-love-LJQ£©\.jdks\openjdk-19.0.2\bin\nio.dll
Event: 1.587 Loaded shared library C:\Users\£¨TJX-love-LJQ£©\.jdks\openjdk-19.0.2\bin\zip.dll
Event: 1.707 Loaded shared library C:\Users\£¨TJX-love-LJQ£©\.jdks\openjdk-19.0.2\bin\management.dll
Event: 1.742 Loaded shared library C:\Users\£¨TJX-love-LJQ£©\.jdks\openjdk-19.0.2\bin\management_ext.dll

Deoptimization events (6 events):
Event: 2.233 Thread 0x0000014f64f55e40 DEOPT PACKING pc=0x0000014f6d15d755 sp=0x0000003be2bfce30
Event: 2.233 Thread 0x0000014f64f55e40 DEOPT UNPACKING pc=0x0000014f6cf07543 sp=0x0000003be2bfc2e0 mode 3
Event: 2.283 Thread 0x0000014f64f55e40 DEOPT PACKING pc=0x0000014f6d294cd3 sp=0x0000003be2bfcdb0
Event: 2.283 Thread 0x0000014f64f55e40 DEOPT UNPACKING pc=0x0000014f6cf07543 sp=0x0000003be2bfc268 mode 3
Event: 2.643 Thread 0x0000014f64f55e40 DEOPT PACKING pc=0x0000014f6d2fe610 sp=0x0000003be2bfc570
Event: 2.643 Thread 0x0000014f64f55e40 DEOPT UNPACKING pc=0x0000014f6cf07543 sp=0x0000003be2bfbaa8 mode 3

Classes loaded (20 events):
Event: 2.628 Loading class java/time/zone/ZoneOffsetTransition done
Event: 2.632 Loading class sun/util/cldr/CLDRBaseLocaleDataMetaInfo$TZCanonicalIDMapHolder
Event: 2.632 Loading class sun/util/cldr/CLDRBaseLocaleDataMetaInfo$TZCanonicalIDMapHolder done
Event: 2.635 Loading class sun/util/resources/TimeZoneNames
Event: 2.636 Loading class sun/util/resources/TimeZoneNames done
Event: 2.637 Loading class sun/util/resources/TimeZoneNames_en
Event: 2.637 Loading class sun/util/resources/TimeZoneNames_en done
Event: 2.664 Loading class sun/security/provider/AbstractDrbg$NonceProvider
Event: 2.664 Loading class sun/security/provider/AbstractDrbg$NonceProvider done
Event: 2.665 Loading class sun/security/provider/SHA2$SHA256
Event: 2.665 Loading class sun/security/provider/SHA2
Event: 2.665 Loading class sun/security/provider/SHA2 done
Event: 2.665 Loading class sun/security/provider/SHA2$SHA256 done
Event: 2.668 Loading class sun/rmi/transport/tcp/TCPEndpoint
Event: 2.668 Loading class sun/rmi/transport/Endpoint
Event: 2.668 Loading class sun/rmi/transport/Endpoint done
Event: 2.668 Loading class sun/rmi/transport/tcp/TCPEndpoint done
Event: 2.678 Loading class java/net/InetAddress$CachedLocalHost
Event: 2.678 Loading class java/net/InetAddress$CachedLocalHost done
Event: 2.678 Loading class sun/rmi/transport/tcp/TCPTransport

Classes unloaded (0 events):
No events

Classes redefined (0 events):
No events

Internal exceptions (19 events):
Event: 1.503 Thread 0x0000014f64f55e40 Exception <a 'java/lang/NoSuchMethodError'{0x00000006d678a148}: 'void java.lang.invoke.DirectMethodHandle$Holder.invokeVirtual(java.lang.Object, java.lang.Object)'> (0x00000006d678a148) 
thrown [s\open\src\hotspot\share\interpreter\linkResolver.cpp, line 774]
Event: 1.506 Thread 0x0000014f64f55e40 Exception <a 'java/lang/NoSuchMethodError'{0x00000006d678dfc8}: 'void java.lang.invoke.DirectMethodHandle$Holder.invokeSpecial(java.lang.Object, java.lang.Object, java.lang.Object)'> (0x00000006d678dfc8) 
thrown [s\open\src\hotspot\share\interpreter\linkResolver.cpp, line 774]
Event: 1.515 Thread 0x0000014f64f55e40 Exception <a 'java/lang/NoSuchMethodError'{0x00000006d60044d0}: 'java.lang.Object java.lang.invoke.DirectMethodHandle$Holder.invokeStaticInit(java.lang.Object)'> (0x00000006d60044d0) 
thrown [s\open\src\hotspot\share\interpreter\linkResolver.cpp, line 774]
Event: 1.526 Thread 0x0000014f64f55e40 Exception <a 'java/lang/NoSuchMethodError'{0x00000006d6011b90}: 'int java.lang.invoke.DirectMethodHandle$Holder.invokeSpecial(java.lang.Object, java.lang.Object, java.lang.Object, int)'> (0x00000006d6011b90) 
thrown [s\open\src\hotspot\share\interpreter\linkResolver.cpp, line 774]
Event: 1.531 Thread 0x0000014f64f55e40 Exception <a 'java/lang/NoSuchMethodError'{0x00000006d60247f0}: 'java.lang.Object java.lang.invoke.DirectMethodHandle$Holder.invokeStatic(java.lang.Object, java.lang.Object, java.lang.Object, java.lang.Object, int)'> (0x00000006d60247f0) 
thrown [s\open\src\hotspot\share\interpreter\linkResolver.cpp, line 774]
Event: 1.534 Thread 0x0000014f64f55e40 Exception <a 'java/lang/NoSuchMethodError'{0x00000006d602cc68}: 'long java.lang.invoke.DirectMethodHandle$Holder.invokeStatic(java.lang.Object, java.lang.Object, int)'> (0x00000006d602cc68) 
thrown [s\open\src\hotspot\share\interpreter\linkResolver.cpp, line 774]
Event: 1.541 Thread 0x0000014f64f55e40 Exception <a 'java/lang/NoSuchMethodError'{0x00000006d60389e0}: 'java.lang.Object java.lang.invoke.DelegatingMethodHandle$Holder.reinvoke_L(java.lang.Object, int, long, java.lang.Object, java.lang.Object, int, java.lang.Object)'> (0x00000006d60389e0) 
thrown [s\open\src\hotspot\share\interpreter\linkResolver.cpp, line 774]
Event: 1.547 Thread 0x0000014f64f55e40 Exception <a 'java/lang/NoSuchMethodError'{0x00000006d60473f8}: 'int java.lang.invoke.DirectMethodHandle$Holder.invokeSpecial(java.lang.Object, java.lang.Object, java.lang.Object)'> (0x00000006d60473f8) 
thrown [s\open\src\hotspot\share\interpreter\linkResolver.cpp, line 774]
Event: 1.561 Thread 0x0000014f64f55e40 Exception <a 'java/lang/NoSuchMethodError'{0x00000006d6068320}: 'java.lang.Object java.lang.invoke.DirectMethodHandle$Holder.invokeStatic(java.lang.Object, java.lang.Object, int)'> (0x00000006d6068320) 
thrown [s\open\src\hotspot\share\interpreter\linkResolver.cpp, line 774]
Event: 1.563 Thread 0x0000014f64f55e40 Exception <a 'java/lang/NoSuchMethodError'{0x00000006d6074350}: 'void java.lang.invoke.DelegatingMethodHandle$Holder.delegate(java.lang.Object, java.lang.Object, int, java.lang.Object)'> (0x00000006d6074350) 
thrown [s\open\src\hotspot\share\interpreter\linkResolver.cpp, line 774]
Event: 1.752 Thread 0x0000014f64f55e40 Exception <a 'java/lang/NoSuchMethodError'{0x00000006d6300018}: 'int java.lang.invoke.DirectMethodHandle$Holder.invokeInterface(java.lang.Object, java.lang.Object)'> (0x00000006d6300018) 
thrown [s\open\src\hotspot\share\interpreter\linkResolver.cpp, line 774]
Event: 1.754 Thread 0x0000014f64f55e40 Exception <a 'java/lang/IncompatibleClassChangeError'{0x00000006d6303500}: Found class java.lang.Object, but interface was expected> (0x00000006d6303500) 
thrown [s\open\src\hotspot\share\interpreter\linkResolver.cpp, line 841]
Event: 1.758 Thread 0x0000014f64f55e40 Exception <a 'java/lang/NoSuchMethodError'{0x00000006d6309218}: 'void java.lang.invoke.DirectMethodHandle$Holder.invokeStatic(java.lang.Object, java.lang.Object)'> (0x00000006d6309218) 
thrown [s\open\src\hotspot\share\interpreter\linkResolver.cpp, line 774]
Event: 2.034 Thread 0x0000014f64f55e40 Exception <a 'java/lang/NoSuchMethodError'{0x00000006d5c77f18}: 'java.lang.Object java.lang.invoke.DirectMethodHandle$Holder.invokeStaticInit(java.lang.Object, java.lang.Object, java.lang.Object)'> (0x00000006d5c77f18) 
thrown [s\open\src\hotspot\share\interpreter\linkResolver.cpp, line 774]
Event: 2.344 Thread 0x0000014f64f55e40 Exception <a 'java/lang/NoSuchMethodError'{0x00000006d5f98018}: 'void java.lang.invoke.DirectMethodHandle$Holder.invokeStatic(java.lang.Object, java.lang.Object, java.lang.Object)'> (0x00000006d5f98018) 
thrown [s\open\src\hotspot\share\interpreter\linkResolver.cpp, line 774]
Event: 2.379 Thread 0x0000014f64f55e40 Exception <a 'java/lang/NoSuchMethodError'{0x00000006d5810720}: 'int java.lang.invoke.DirectMethodHandle$Holder.invokeSpecialIFC(java.lang.Object, java.lang.Object, java.lang.Object)'> (0x00000006d5810720) 
thrown [s\open\src\hotspot\share\interpreter\linkResolver.cpp, line 774]
Event: 2.464 Thread 0x0000014f64f55e40 Exception <a 'java/lang/NoSuchMethodError'{0x00000006d58865f0}: 'java.lang.Object java.lang.invoke.DirectMethodHandle$Holder.invokeStaticInit(java.lang.Object, int, int, int, int)'> (0x00000006d58865f0) 
thrown [s\open\src\hotspot\share\interpreter\linkResolver.cpp, line 774]
Event: 2.641 Thread 0x0000014f7e2c2c00 Exception <a 'java/lang/NoSuchMethodError'{0x00000006d59bd9c0}: 'java.lang.Object java.lang.invoke.Invokers$Holder.invokeExact_MT(java.lang.Object, java.lang.Object, java.lang.Object, java.lang.Object, java.lang.Object, java.lang.Object)'> (0x00000006d59bd9c0) 
thrown [s\open\src\hotspot\share\interpreter\linkResolver.cpp, line 774]
Event: 2.663 Thread 0x0000014f64f55e40 Exception <a 'java/lang/NoSuchMethodError'{0x00000006d5b27818}: 'java.lang.Object java.lang.invoke.DirectMethodHandle$Holder.invokeStaticInit(java.lang.Object, java.lang.Object, int, int, int, int)'> (0x00000006d5b27818) 
thrown [s\open\src\hotspot\share\interpreter\linkResolver.cpp, line 774]

VM Operations (10 events):
Event: 0.157 Executing VM operation: HandshakeAllThreads
Event: 0.158 Executing VM operation: HandshakeAllThreads done
Event: 0.183 Executing VM operation: ChangeBreakpoints
Event: 0.183 Executing VM operation: ChangeBreakpoints done
Event: 1.669 Executing VM operation: HandshakeAllThreads
Event: 1.669 Executing VM operation: HandshakeAllThreads done
Event: 1.669 Executing VM operation: Cleanup
Event: 1.669 Executing VM operation: Cleanup done
Event: 2.426 Executing VM operation: HandshakeAllThreads
Event: 2.426 Executing VM operation: HandshakeAllThreads done

Events (19 events):
Event: 0.029 Thread 0x0000014f64f55e40 Thread added: 0x0000014f64f55e40
Event: 0.057 Thread 0x0000014f7e2b82a0 Thread added: 0x0000014f7e2b82a0
Event: 0.058 Thread 0x0000014f7e2b9090 Thread added: 0x0000014f7e2b9090
Event: 0.058 Thread 0x0000014f7e2c2010 Thread added: 0x0000014f7e2c2010
Event: 0.058 Thread 0x0000014f7e2c2c00 Thread added: 0x0000014f7e2c2c00
Event: 0.058 Thread 0x0000014f7e2c46a0 Thread added: 0x0000014f7e2c46a0
Event: 0.058 Thread 0x0000014f7e2c4fd0 Thread added: 0x0000014f7e2c4fd0
Event: 0.059 Thread 0x0000014f7e2cae50 Thread added: 0x0000014f7e2cae50
Event: 0.059 Thread 0x0000014f7e2d37d0 Thread added: 0x0000014f7e2d37d0
Event: 0.143 Thread 0x0000014f7e2892e0 Thread added: 0x0000014f7e2892e0
Event: 0.157 Thread 0x0000014f7e289ad0 Thread added: 0x0000014f7e289ad0
Event: 0.160 Thread 0x0000014f7e88c670 Thread added: 0x0000014f7e88c670
Event: 0.182 Thread 0x0000014f7e8ca680 Thread added: 0x0000014f7e8ca680
Event: 0.183 Thread 0x0000014f7e8ed7a0 Thread added: 0x0000014f7e8ed7a0
Event: 0.183 Thread 0x0000014f7e8edcf0 Thread added: 0x0000014f7e8edcf0
Event: 1.429 Thread 0x0000014f7e8f2510 Thread added: 0x0000014f7e8f2510
Event: 1.431 Thread 0x0000014f7e88c670 Thread exited: 0x0000014f7e88c670
Event: 2.249 Thread 0x0000014f7ec97df0 Thread added: 0x0000014f7ec97df0
Event: 2.251 Thread 0x0000014f7ec98520 Thread added: 0x0000014f7ec98520


Dynamic libraries:
0x00007ff6aba40000 - 0x00007ff6aba4e000 	C:\Users\£¨TJX-love-LJQ£©\.jdks\openjdk-19.0.2\bin\java.exe
0x00007ffbd5bd0000 - 0x00007ffbd5de7000 	C:\WINDOWS\SYSTEM32\ntdll.dll
0x00007ffbd4e70000 - 0x00007ffbd4f34000 	C:\WINDOWS\System32\KERNEL32.DLL
0x00007ffbd3440000 - 0x00007ffbd37e6000 	C:\WINDOWS\System32\KERNELBASE.dll
0x00007ffbd3320000 - 0x00007ffbd3431000 	C:\WINDOWS\System32\ucrtbase.dll
0x00007ffbce170000 - 0x00007ffbce18b000 	C:\Users\£¨TJX-love-LJQ£©\.jdks\openjdk-19.0.2\bin\VCRUNTIME140.dll
0x00007ffbce1a0000 - 0x00007ffbce1b7000 	C:\Users\£¨TJX-love-LJQ£©\.jdks\openjdk-19.0.2\bin\jli.dll
0x00007ffbd59b0000 - 0x00007ffbd5b5d000 	C:\WINDOWS\System32\USER32.dll
0x00007ffbb98a0000 - 0x00007ffbb9b33000 	C:\WINDOWS\WinSxS\amd64_microsoft.windows.common-controls_6595b64144ccf1df_6.0.22621.2361_none_2712ced57382f843\COMCTL32.dll
0x00007ffbd3250000 - 0x00007ffbd3276000 	C:\WINDOWS\System32\win32u.dll
0x00007ffbd4db0000 - 0x00007ffbd4dd9000 	C:\WINDOWS\System32\GDI32.dll
0x00007ffbd42b0000 - 0x00007ffbd4357000 	C:\WINDOWS\System32\msvcrt.dll
0x00007ffbd2fc0000 - 0x00007ffbd30d8000 	C:\WINDOWS\System32\gdi32full.dll
0x00007ffbd3280000 - 0x00007ffbd331a000 	C:\WINDOWS\System32\msvcp_win.dll
0x00007ffbd4900000 - 0x00007ffbd4931000 	C:\WINDOWS\System32\IMM32.DLL
0x00007ffbce160000 - 0x00007ffbce16c000 	C:\Users\£¨TJX-love-LJQ£©\.jdks\openjdk-19.0.2\bin\vcruntime140_1.dll
0x00007ffbbe690000 - 0x00007ffbbe71e000 	C:\Users\£¨TJX-love-LJQ£©\.jdks\openjdk-19.0.2\bin\msvcp140.dll
0x00007ffb608d0000 - 0x00007ffb61590000 	C:\Users\£¨TJX-love-LJQ£©\.jdks\openjdk-19.0.2\bin\server\jvm.dll
0x00007ffbd4850000 - 0x00007ffbd4900000 	C:\WINDOWS\System32\ADVAPI32.dll
0x00007ffbd3930000 - 0x00007ffbd39d6000 	C:\WINDOWS\System32\sechost.dll
0x00007ffbd5790000 - 0x00007ffbd58a7000 	C:\WINDOWS\System32\RPCRT4.dll
0x00007ffbcb640000 - 0x00007ffbcb674000 	C:\WINDOWS\SYSTEM32\WINMM.dll
0x00007ffbb6b00000 - 0x00007ffbb6b09000 	C:\WINDOWS\SYSTEM32\WSOCK32.dll
0x00007ffbc8290000 - 0x00007ffbc829a000 	C:\WINDOWS\SYSTEM32\VERSION.dll
0x00007ffbd4d30000 - 0x00007ffbd4da1000 	C:\WINDOWS\System32\WS2_32.dll
0x00007ffbd1ef0000 - 0x00007ffbd1f08000 	C:\WINDOWS\SYSTEM32\kernel.appcore.dll
0x00007ffbcd0d0000 - 0x00007ffbcd0da000 	C:\Users\£¨TJX-love-LJQ£©\.jdks\openjdk-19.0.2\bin\jimage.dll
0x00007ffbd0850000 - 0x00007ffbd0a7e000 	C:\WINDOWS\SYSTEM32\DBGHELP.DLL
0x00007ffbd4940000 - 0x00007ffbd4cca000 	C:\WINDOWS\System32\combase.dll
0x00007ffbd54e0000 - 0x00007ffbd55b7000 	C:\WINDOWS\System32\OLEAUT32.dll
0x00007ffbc1c10000 - 0x00007ffbc1c42000 	C:\WINDOWS\SYSTEM32\dbgcore.DLL
0x00007ffbd38b0000 - 0x00007ffbd392a000 	C:\WINDOWS\System32\bcryptPrimitives.dll
0x00007ffbbe630000 - 0x00007ffbbe66c000 	C:\Users\£¨TJX-love-LJQ£©\.jdks\openjdk-19.0.2\bin\jdwp.dll
0x00007ffbcc530000 - 0x00007ffbcc556000 	C:\Users\£¨TJX-love-LJQ£©\.jdks\openjdk-19.0.2\bin\java.dll
0x00007ffbbbc50000 - 0x00007ffbbbd27000 	C:\Users\£¨TJX-love-LJQ£©\.jdks\openjdk-19.0.2\bin\jsvml.dll
0x00007ffbd3a50000 - 0x00007ffbd42a8000 	C:\WINDOWS\System32\SHELL32.dll
0x00007ffbd0e60000 - 0x00007ffbd1752000 	C:\WINDOWS\SYSTEM32\windows.storage.dll
0x00007ffbd0d20000 - 0x00007ffbd0e5e000 	C:\WINDOWS\SYSTEM32\wintypes.dll
0x00007ffbd4f40000 - 0x00007ffbd5033000 	C:\WINDOWS\System32\SHCORE.dll
0x00007ffbd4500000 - 0x00007ffbd455e000 	C:\WINDOWS\System32\shlwapi.dll
0x00007ffbd2e80000 - 0x00007ffbd2ea6000 	C:\WINDOWS\SYSTEM32\profapi.dll
0x00007ffbbbdf0000 - 0x00007ffbbbdfc000 	C:\Users\£¨TJX-love-LJQ£©\.jdks\openjdk-19.0.2\bin\dt_socket.dll
0x00007ffbd1a00000 - 0x00007ffbd1a2d000 	C:\WINDOWS\SYSTEM32\IPHLPAPI.DLL
0x00007ffbd23c0000 - 0x00007ffbd2429000 	C:\WINDOWS\system32\mswsock.dll
0x00007ffbccc80000 - 0x00007ffbccc93000 	C:\Users\£¨TJX-love-LJQ£©\.jdks\openjdk-19.0.2\bin\net.dll
0x00007ffbcb0d0000 - 0x00007ffbcb207000 	C:\WINDOWS\SYSTEM32\WINHTTP.dll
0x00007ffbbf390000 - 0x00007ffbbf3a6000 	C:\Users\£¨TJX-love-LJQ£©\.jdks\openjdk-19.0.2\bin\nio.dll
0x00007ffbbe670000 - 0x00007ffbbe688000 	C:\Users\£¨TJX-love-LJQ£©\.jdks\openjdk-19.0.2\bin\zip.dll
0x00007ffbd1a30000 - 0x00007ffbd1b29000 	C:\WINDOWS\SYSTEM32\DNSAPI.dll
0x00007ffbd4610000 - 0x00007ffbd4619000 	C:\WINDOWS\System32\NSI.dll
0x00007ffbc8310000 - 0x00007ffbc831a000 	C:\Windows\System32\rasadhlp.dll
0x00007ffbc92c0000 - 0x00007ffbc9344000 	C:\WINDOWS\System32\fwpuclnt.dll
0x00007ffbbf380000 - 0x00007ffbbf38a000 	C:\Users\£¨TJX-love-LJQ£©\.jdks\openjdk-19.0.2\bin\management.dll
0x00007ffbbf080000 - 0x00007ffbbf08b000 	C:\Users\£¨TJX-love-LJQ£©\.jdks\openjdk-19.0.2\bin\management_ext.dll
0x00007ffbd39f0000 - 0x00007ffbd39f8000 	C:\WINDOWS\System32\PSAPI.DLL
0x00007ffbd27d0000 - 0x00007ffbd27eb000 	C:\WINDOWS\SYSTEM32\CRYPTSP.dll
0x00007ffbd1eb0000 - 0x00007ffbd1ee5000 	C:\WINDOWS\system32\rsaenh.dll
0x00007ffbd2460000 - 0x00007ffbd248c000 	C:\WINDOWS\SYSTEM32\USERENV.dll
0x00007ffbd2910000 - 0x00007ffbd2938000 	C:\WINDOWS\SYSTEM32\bcrypt.dll
0x00007ffbd2760000 - 0x00007ffbd276c000 	C:\WINDOWS\SYSTEM32\CRYPTBASE.dll
0x00007ffbcaf70000 - 0x00007ffbcaf89000 	C:\WINDOWS\SYSTEM32\dhcpcsvc6.DLL
0x00007ffbcad50000 - 0x00007ffbcad6f000 	C:\WINDOWS\SYSTEM32\dhcpcsvc.DLL
0x00007ffba83d0000 - 0x00007ffba83e7000 	C:\WINDOWS\system32\napinsp.dll
0x00007ffba8060000 - 0x00007ffba807b000 	C:\WINDOWS\system32\pnrpnsp.dll
0x00007ffba8040000 - 0x00007ffba8051000 	C:\WINDOWS\System32\winrnr.dll
0x00007ffbca2b0000 - 0x00007ffbca2c5000 	C:\WINDOWS\system32\wshbth.dll
0x00007ffba7e00000 - 0x00007ffba7e21000 	C:\WINDOWS\system32\nlansp_c.dll

dbghelp: loaded successfully - version: 4.0.5 - missing functions: none
symbol engine: initialized successfully - sym options: 0x614 - pdb path: .;C:\Users\£¨TJX-love-LJQ£©\.jdks\openjdk-19.0.2\bin;C:\WINDOWS\SYSTEM32;C:\WINDOWS\WinSxS\amd64_microsoft.windows.common-controls_6595b64144ccf1df_6.0.22621.2361_none_2712ced57382f843;C:\Users\£¨TJX-love-LJQ£©\.jdks\openjdk-19.0.2\bin\se;C:\Users\£¨TJX-love-LJQ£©\.jdks\openjdk-19.0.2\bin\;C:\Users\£¨TJX-love-LJQ£©\.jdks\openjdk-19.0.2\bi;C:\Users\£¨TJX-love-LJQ£©\.jdks\openjdk-19.0.2\;C:\Users\£¨TJX-love-LJQ£©\.jdks\openjdk-19.0.;C:\Users\£¨TJX-love-LJQ£©\.jdks\openjdk-19.;C:\Users\£¨TJX-love-LJQ£©\.jdks\openjdk-1;C:\Users\£¨TJX-love-LJQ£©\.jdks\openjdk;C:\Users\£¨TJX-love-LJQ£©\.jdks\openj;C:\Users\£¨TJX-love-LJQ£©\.jdks\ope;C:\Users\£¨TJX-love-LJQ£©\.jdks\o

VM Arguments:
jvm_args: -agentlib:jdwp=transport=dt_socket,address=127.0.0.1:51036,suspend=y,server=n -XX:TieredStopAtLevel=1 -Dspring.output.ansi.enabled=always -Dcom.sun.management.jmxremote -Dspring.jmx.enabled=true -Dspring.liveBeansView.mbeanDomain -Dspring.application.admin.enabled=true -Dmanagement.endpoints.jmx.exposure.include=* -Dfile.encoding=GBK -Dsun.stdout.encoding=GBK -Dsun.stderr.encoding=GBK 
java_command: com.cy.StoreApplication
java_class_path (initial): F:\Spring Boot Projects\store\target\classes;E:\Maven\local repository\org\springframework\boot\spring-boot-starter-web\2.7.17\spring-boot-starter-web-2.7.17.jar;E:\Maven\local repository\org\springframework\boot\spring-boot-starter\2.7.17\spring-boot-starter-2.7.17.jar;E:\Maven\local repository\org\springframework\boot\spring-boot\2.7.17\spring-boot-2.7.17.jar;E:\Maven\local repository\org\springframework\boot\spring-boot-autoconfigure\2.7.17\spring-boot-autoconfigure-2.7.17.jar;E:\Maven\local repository\org\springframework\boot\spring-boot-starter-logging\2.7.17\spring-boot-starter-logging-2.7.17.jar;E:\Maven\local repository\ch\qos\logback\logback-classic\1.2.12\logback-classic-1.2.12.jar;E:\Maven\local repository\ch\qos\logback\logback-core\1.2.12\logback-core-1.2.12.jar;E:\Maven\local repository\org\apache\logging\log4j\log4j-to-slf4j\2.17.2\log4j-to-slf4j-2.17.2.jar;E:\Maven\local repository\org\apache\logging\log4j\log4j-api\2.17.2\log4j-api-2.17.2.jar;E:\Maven\local repository\org\slf4j\jul-to-slf4j\1.7.36\jul-to-slf4j-1.7.36.jar;E:\Maven\local repository\jakarta\annotation\jakarta.annotation-api\1.3.5\jakarta.annotation-api-1.3.5.jar;E:\Maven\local repository\org\yaml\snakeyaml\1.30\snakeyaml-1.30.jar;E:\Maven\local repository\org\springframework\boot\spring-boot-starter-json\2.7.17\spring-boot-starter-json-2.7.17.jar;E:\Maven\local repository\com\fasterxml\jackson\core\jackson-databind\2.13.5\jackson-databind-2.13.5.jar;E:\Maven\local repository\com\fasterxml\jackson\core\jackson-annotations\2.13.5\jackson-annotations-2.13.5.jar;E:\Maven\local repository\com\fasterxml\jackson\core\jackson-core\2.13.5\jackson-core-2.13.5.jar;E:\Maven\local repository\com\fasterxml\jackson\datatype\jackson-datatype-jdk8\2.13.5\jackson-datatype-jdk8-2.13.5.jar;E:\Maven\local repository\com\fasterxml\jackson\datatype\jackson-datatype-jsr310\2.13.5\jackson-datatype-jsr310-2.13.5.jar;E:\Maven\local repository\com\fasterxml\jackson\module\jackson-module-parameter-names\2.13.5\jackson-module-parameter-names-2.13.5.jar;E:\Maven\local repository\org\springframework\boot\spring-boot-starter-tomcat\2.7.17\spring-boot-starter-tomcat-2.7.17.jar;E:\Maven\local repository\org\apache\tomcat\embed\tomcat-embed-core\9.0.82\tomcat-embed-core-9.0.82.jar;E:\Maven\local repository\org\apache\tomcat\embed\tomcat-embed-el\9.0.82\tomcat-embed-el-9.0.82.jar;E:\Maven\local repository\org\apache\tomcat\embed\tomcat-embed-websocket\9.0.82\tomcat-embed-websocket-9.0.82.jar;E:\Maven\local repository\org\springframework\spring-web\5.3.30\spring-web-5.3.30.jar;E:\Maven\local repository\org\springframework\spring-beans\5.3.30\spring-beans-5.3.30.jar;E:\Maven\local repository\org\springframework\spring-webmvc\5.3.30\spring-webmvc-5.3.30.jar;E:\Maven\local repository\org\springframework\spring-aop\5.3.30\spring-aop-5.3.30.jar;E:\Maven\local repository\org\springframework\spring-context\5.3.30\spring-context-5.3.30.jar;E:\Maven\local repository\org\springframework\spring-expression\5.3.30\spring-expression-5.3.30.jar;E:\Maven\local repository\org\mybatis\spring\boot\mybatis-spring-boot-starter\2.3.1\mybatis-spring-boot-starter-2.3.1.jar;E:\Maven\local repository\org\springframework\boot\spring-boot-starter-jdbc\2.7.17\spring-boot-starter-jdbc-2.7.17.jar;E:\Maven\local repository\com\zaxxer\HikariCP\4.0.3\HikariCP-4.0.3.jar;E:\Maven\local repository\org\springframework\spring-jdbc\5.3.30\spring-jdbc-5.3.30.jar;E:\Maven\local repository\org\mybatis\spring\boot\mybatis-spring-boot-autoconfigure\2.3.1\mybatis-spring-boot-autoconfigure-2.3.1.jar;E:\Maven\local repository\org\mybatis\mybatis\3.5.13\mybatis-3.5.13.jar;E:\Maven\local repository\org\mybatis\mybatis-spring\2.1.1\mybatis-spring-2.1.1.jar;E:\Maven\local repository\com\mysql\mysql-connector-j\8.0.33\mysql-connector-j-8.0.33.jar;E:\Maven\local repository\org\slf4j\slf4j-api\1.7.36\slf4j-api-1.7.36.jar;E:\Maven\local repository\org\springframework\spring-core\5.3.30\spring-core-5.3.30.jar;E:\Maven\local repository\org\springframework\spring-jcl\5.3.30\spring-jcl-5.3.30.jar;E:\Maven\local repository\org\springframework\spring-tx\5.3.30\spring-tx-5.3.30.jar;E:\ultimate_idea\idea\IntelliJ IDEA 2023.2.3\lib\idea_rt.jar
Launcher Type: SUN_STANDARD

[Global flags]
     intx CICompilerCount                          = 4                                         {product} {ergonomic}
     uint ConcGCThreads                            = 2                                         {product} {ergonomic}
     uint G1ConcRefinementThreads                  = 8                                         {product} {ergonomic}
   size_t G1HeapRegionSize                         = 4194304                                   {product} {ergonomic}
    uintx GCDrainStackTargetSize                   = 64                                        {product} {ergonomic}
   size_t InitialHeapSize                          = 335544320                                 {product} {ergonomic}
     bool ManagementServer                         = true                                      {product} {command line}
   size_t MarkStackSize                            = 4194304                                   {product} {ergonomic}
   size_t MaxHeapSize                              = 5326766080                                {product} {ergonomic}
   size_t MaxNewSize                               = 3196059648                                {product} {ergonomic}
   size_t MinHeapDeltaBytes                        = 4194304                                   {product} {ergonomic}
   size_t MinHeapSize                              = 8388608                                   {product} {ergonomic}
    uintx NonProfiledCodeHeapSize                  = 0                                      {pd product} {ergonomic}
     bool ProfileInterpreter                       = false                                  {pd product} {command line}
    uintx ProfiledCodeHeapSize                     = 0                                      {pd product} {ergonomic}
   size_t SoftMaxHeapSize                          = 5326766080                             {manageable} {ergonomic}
     intx TieredStopAtLevel                        = 1                                         {product} {command line}
     bool UseCompressedClassPointers               = true                           {product lp64_product} {ergonomic}
     bool UseCompressedOops                        = true                           {product lp64_product} {ergonomic}
     bool UseG1GC                                  = true                                      {product} {ergonomic}
     bool UseLargePagesIndividualAllocation        = false                                  {pd product} {ergonomic}

Logging:
Log output configuration:
 #0: stdout all=warning uptime,level,tags foldmultilines=false
 #1: stderr all=off uptime,level,tags foldmultilines=false

Environment Variables:
PATH=C:\Program Files (x86)\Common Files\Oracle\Java\javapath;F:\UbantuSystem\VMware\bin\;C:\WINDOWS\system32;E:\MySQL\mysql-8.0.30-winx64\bin;E:\Maven\apache-maven-3.9.5\bin;C:\WINDOWS;C:\WINDOWS\System32\Wbem;C:\WINDOWS\System32\WindowsPowerShell\v1.0\;C:\WINDOWS\System32\OpenSSH\;D:\Java1±à¼­Æ÷\Java_Studay\Web\apache-tomcat-8.5.84\bin;D:\HTMLÈëÃÅ\glassfish5\bin;C:\Program Files\Microsoft SQL Server\Client SDK\ODBC\170\Tools\Binn\;F:\Git\cmd;E:\CodeBlocks\MinGW\bin;C:\Users\£¨TJX-love-LJQ£©\AppData\Local\Microsoft\WindowsApps;D:\Liunx\bin;D:\Java1±à¼­Æ÷\mysql-8.0.31-winx64\bin;C:\ProgramData\Microsoft\Windows\Start Menu\Programs\MySQL\MySQL Server 8.0;D:\Program Files\MySQL\mysql-8.0.30-winx64\bin;E:\Gitee\VSCode\Microsoft VS Code\bin;E:\Maven\apache-maven-3.9.5\bin;
USERNAME=£¨TJX-love-LJQ£©
OS=Windows_NT
PROCESSOR_IDENTIFIER=Intel64 Family 6 Model 142 Stepping 12, GenuineIntel
TMP=C:\Users\£¨TJX-~1\AppData\Local\Temp
TEMP=C:\Users\£¨TJX-~1\AppData\Local\Temp



---------------  S Y S T E M  ---------------

OS:
 Windows 11 , 64 bit Build 22621 (10.0.22621.2428)
OS uptime: 0 days 4:14 hours
Hyper-V role detected

CPU: total 8 (initial active 8) (4 cores per cpu, 2 threads per core) family 6 model 142 stepping 12 microcode 0xec, cx8, cmov, fxsr, ht, mmx, 3dnowpref, sse, sse2, sse3, ssse3, sse4.1, sse4.2, popcnt, lzcnt, tsc, tscinvbit, avx, avx2, aes, erms, clmul, bmi1, bmi2, adx, fma, vzeroupper, clflush, clflushopt, hv, rdtscp

Memory: 4k page, system-wide physical 20313M (9849M free)
TotalPageFile size 21593M (AvailPageFile size 8766M)
current process WorkingSet (physical memory assigned to process): 58M, peak: 58M
current process commit charge ("private bytes"): 418M, peak: 418M

vm_info: OpenJDK 64-Bit Server VM (19.0.2+7-44) for windows-amd64 JRE (19.0.2+7-44), built on 2022-11-30T18:02:09Z by "mach5one" with MS VC++ 17.1 (VS2022)

END.
