#
# A fatal error has been detected by the Java Runtime Environment:
#
#  EXCEPTION_ACCESS_VIOLATION (0xc0000005) at pc=0x00007ffb60aed051, pid=11924, tid=6960
#
# JRE version: OpenJDK Runtime Environment (19.0.2+7) (build 19.0.2+7-44)
# Java VM: OpenJDK 64-Bit Server VM (19.0.2+7-44, mixed mode, emulated-client, sharing, tiered, compressed oops, compressed class ptrs, g1 gc, windows-amd64)
# Problematic frame:
# V  [jvm.dll+0x21d051]
#
# No core dump will be written. Minidumps are not enabled by default on client versions of Windows
#
# If you would like to submit a bug report, please visit:
#   https://bugreport.java.com/bugreport/crash.jsp
#

---------------  S U M M A R Y ------------

Command Line: -agentlib:jdwp=transport=dt_socket,address=127.0.0.1:51243,suspend=y,server=n -XX:TieredStopAtLevel=1 -Dspring.output.ansi.enabled=always -Dcom.sun.management.jmxremote -Dspring.jmx.enabled=true -Dspring.liveBeansView.mbeanDomain -Dspring.application.admin.enabled=true -Dmanagement.endpoints.jmx.exposure.include=* -Dfile.encoding=GBK -Dsun.stdout.encoding=GBK -Dsun.stderr.encoding=GBK com.cy.StoreApplication

Host: Intel(R) Core(TM) i5-10210U CPU @ 1.60GHz, 8 cores, 19G,  Windows 11 , 64 bit Build 22621 (10.0.22621.2428)
Time: Tue Nov  7 17:13:25 2023  Windows 11 , 64 bit Build 22621 (10.0.22621.2428) elapsed time: 1.340651 seconds (0d 0h 0m 1s)

---------------  T H R E A D  ---------------

Current thread (0x000002637e485010):  JavaThread "main" [_thread_in_vm, id=6960, stack(0x000000a21cd00000,0x000000a21ce00000)]

Stack: [0x000000a21cd00000,0x000000a21ce00000],  sp=0x000000a21cdfcf40,  free space=1011k
Native frames: (J=compiled Java code, j=interpreted, Vv=VM code, C=native code)
V  [jvm.dll+0x21d051]
V  [jvm.dll+0x21e5a5]
V  [jvm.dll+0x21ef01]
V  [jvm.dll+0x2146a1]
V  [jvm.dll+0x5a9cb6]
V  [jvm.dll+0x2257aa]
V  [jvm.dll+0x7cc802]
V  [jvm.dll+0x7cdc4a]
V  [jvm.dll+0x7cdf78]
V  [jvm.dll+0x271e1b]
V  [jvm.dll+0x27203f]
V  [jvm.dll+0x5cb423]
V  [jvm.dll+0x5cd994]
V  [jvm.dll+0x3dd95c]
V  [jvm.dll+0x3dd3f2]
C  0x0000026307ec125d

Java frames: (J=compiled Java code, j=interpreted, Vv=VM code)
j  sun.rmi.transport.tcp.TCPEndpoint.<clinit>()V+94 java.rmi@19.0.2
v  ~StubRoutines::call_stub 0x0000026307e9100e
j  sun.rmi.transport.LiveRef.<init>(Ljava/rmi/server/ObjID;ILjava/rmi/server/RMIClientSocketFactory;Ljava/rmi/server/RMIServerSocketFactory;)V+6 java.rmi@19.0.2
j  sun.rmi.transport.LiveRef.<init>(ILjava/rmi/server/RMIClientSocketFactory;Ljava/rmi/server/RMIServerSocketFactory;)V+11 java.rmi@19.0.2
j  sun.rmi.server.UnicastServerRef2.<init>(ILjava/rmi/server/RMIClientSocketFactory;Ljava/rmi/server/RMIServerSocketFactory;Ljava/io/ObjectInputFilter;)V+8 java.rmi@19.0.2
j  sun.management.jmxremote.ConnectorBootstrap$PermanentExporter.exportObject(Ljava/rmi/Remote;ILjava/rmi/server/RMIClientSocketFactory;Ljava/rmi/server/RMIServerSocketFactory;Ljava/io/ObjectInputFilter;)Ljava/rmi/Remote;+72 jdk.management.agent@19.0.2
j  javax.management.remote.rmi.RMIJRMPServerImpl.export(Ljava/rmi/Remote;Ljava/io/ObjectInputFilter;)V+62 java.management.rmi@19.0.2
j  javax.management.remote.rmi.RMIJRMPServerImpl.export()V+6 java.management.rmi@19.0.2
j  javax.management.remote.rmi.RMIConnectorServer.start()V+246 java.management.rmi@19.0.2
j  sun.management.jmxremote.ConnectorBootstrap.startLocalConnectorServer()Ljavax/management/remote/JMXConnectorServer;+290 jdk.management.agent@19.0.2
j  jdk.internal.agent.Agent.startLocalManagementAgent()V+13 jdk.management.agent@19.0.2
j  jdk.internal.agent.Agent.startAgent(Ljava/util/Properties;)V+58 jdk.management.agent@19.0.2
j  jdk.internal.agent.Agent.startAgent()V+20 jdk.management.agent@19.0.2
v  ~StubRoutines::call_stub 0x0000026307e9100e

siginfo: EXCEPTION_ACCESS_VIOLATION (0xc0000005), reading address 0x00000263260c3551


Registers:
RAX=0x00000263260c3551, RBX=0x000002637e485010, RCX=0x000000a21cdfd450, RDX=0x00000263246c3718
RSP=0x000000a21cdfcf40, RBP=0x000000a21cdfd040, RSI=0x0000000000000000, RDI=0x000000a21cdfd450
R8 =0x0000000000000000, R9 =0x000002631836cda8, R10=0x000002637e464770, R11=0x0000000000000002
R12=0x000000a21cdfd5eb, R13=0x000000a21cdfd450, R14=0x00000263246c3718, R15=0x000002631836cda8
RIP=0x00007ffb60aed051, EFLAGS=0x0000000000010246


Register to memory mapping:

RIP=0x00007ffb60aed051 jvm.dll
RAX=0x00000263260c3551 is an unknown value
RBX=0x000002637e485010 is a thread
RCX=0x000000a21cdfd450 is pointing into the stack for thread: 0x000002637e485010
RDX=0x00000263246c3718 points into unknown readable memory: 0x00007ffb6123e710 | 10 e7 23 61 fb 7f 00 00
RSP=0x000000a21cdfcf40 is pointing into the stack for thread: 0x000002637e485010
RBP=0x000000a21cdfd040 is pointing into the stack for thread: 0x000002637e485010
RSI=0x0 is NULL
RDI=0x000000a21cdfd450 is pointing into the stack for thread: 0x000002637e485010
R8 =0x0 is NULL
R9 =0x000002631836cda8 is pointing into metadata
R10=0x000002637e464770 points into unknown readable memory: 0x0000000000000002 | 02 00 00 00 00 00 00 00
R11=0x0000000000000002 is an unknown value
R12=0x000000a21cdfd5eb is pointing into the stack for thread: 0x000002637e485010
R13=0x000000a21cdfd450 is pointing into the stack for thread: 0x000002637e485010
R14=0x00000263246c3718 points into unknown readable memory: 0x00007ffb6123e710 | 10 e7 23 61 fb 7f 00 00
R15=0x000002631836cda8 is pointing into metadata


Top of Stack: (sp=0x000000a21cdfcf40)
0x000000a21cdfcf40:   000002637e485010 000000a21cdfd040
0x000000a21cdfcf50:   00000000ffffffff 0000000000000000
0x000000a21cdfcf60:   00000263246c3a48 0000026300000000
0x000000a21cdfcf70:   00000263246c4248 00000263246c4448
0x000000a21cdfcf80:   000002637e485010 00000263246c3760
0x000000a21cdfcf90:   000a000000000000 000000010000000a
0x000000a21cdfcfa0:   00000000000001a8 0207020601000000
0x000000a21cdfcfb0:   0000000c17bf0004 0000004900000000
0x000000a21cdfcfc0:   00000000ffffffff 0000000001a00560
0x000000a21cdfcfd0:   0000000000000000 0000000000000000
0x000000a21cdfcfe0:   0000000000000000 00000263246c4448
0x000000a21cdfcff0:   00000263246c4248 00000263246c3a48
0x000000a21cdfd000:   00000263246c3848 00000100ffffffff
0x000000a21cdfd010:   0000026300000000 000002631c233090
0x000000a21cdfd020:   0000000000000000 0000000000000000
0x000000a21cdfd030:   00000000000003d0 0000000000000000 

Instructions: (pc=0x00007ffb60aed051)
0x00007ffb60aecf51:   89 bc 24 98 00 00 00 0f b7 00 44 3b f8 0f 8c ec
0x00007ffb60aecf61:   fd ff ff 48 8b 44 24 40 eb 19 48 89 74 24 20 48
0x00007ffb60aecf71:   8d 15 59 22 75 00 4d 8b cd 48 8b cb e8 fe 6f ff
0x00007ffb60aecf81:   ff 33 c0 4c 8b bc 24 90 00 00 00 48 83 c4 50 41
0x00007ffb60aecf91:   5e 41 5d 41 5c 5f 5e 5d 5b c3 48 89 74 24 20 48
0x00007ffb60aecfa1:   8d 15 f9 21 75 00 4d 8b cd 44 8b c0 eb cb cc 4c
0x00007ffb60aecfb1:   89 4c 24 20 48 89 4c 24 08 55 53 56 57 41 55 41
0x00007ffb60aecfc1:   56 41 57 48 8d ac 24 20 ff ff ff 48 81 ec e0 01
0x00007ffb60aecfd1:   00 00 48 8b 9d 48 01 00 00 4d 8b f9 41 0f b6 f0
0x00007ffb60aecfe1:   4c 8b f2 4c 8b e9 4c 8b 93 50 02 00 00 4c 89 95
0x00007ffb60aecff1:   b8 00 00 00 49 8b 42 10 48 89 85 c0 00 00 00 49
0x00007ffb60aed001:   8b 42 18 48 89 85 c8 00 00 00 49 8b 42 20 48 89
0x00007ffb60aed011:   85 d0 00 00 00 49 8b 42 28 48 89 85 d8 00 00 00
0x00007ffb60aed021:   48 8b 42 10 48 2b 42 18 48 83 f8 08 73 0b 48 8b
0x00007ffb60aed031:   d3 49 8b ce e8 b6 3e 00 00 48 83 7b 08 00 4c 89
0x00007ffb60aed041:   a4 24 30 02 00 00 0f 85 6a 01 00 00 49 8b 46 18
0x00007ffb60aed051:   0f b7 08 48 83 c0 02 49 89 46 18 66 c1 c9 08 0f
0x00007ffb60aed061:   b7 f9 0f b7 10 48 83 c0 02 66 c1 ca 08 49 89 46
0x00007ffb60aed071:   18 49 8b 45 28 44 0f b7 c2 66 89 54 24 6c 44 3b
0x00007ffb60aed081:   40 3c 7d 0e 48 8b 40 08 42 0f b6 44 00 04 3c 01
0x00007ffb60aed091:   74 02 32 c0 41 80 bd 98 01 00 00 00 74 1b 84 c0
0x00007ffb60aed0a1:   75 17 4c 8b cb 48 8d 15 a3 23 75 00 49 8b cd e8
0x00007ffb60aed0b1:   ab 6f ff ff 0f b7 54 24 6c 48 83 7b 08 00 0f 85
0x00007ffb60aed0c1:   f2 00 00 00 0f b7 c2 4c 8b c3 49 8b cd 48 8d 04
0x00007ffb60aed0d1:   c5 48 00 00 00 4e 8b 24 38 49 8b d4 48 89 85 98
0x00007ffb60aed0e1:   00 00 00 4c 89 65 60 e8 33 37 00 00 48 83 7b 08
0x00007ffb60aed0f1:   00 0f 85 bf 00 00 00 49 8b 46 18 0f b7 10 48 83
0x00007ffb60aed101:   c0 02 66 c1 ca 08 49 89 46 18 49 8b 45 28 44 0f
0x00007ffb60aed111:   b7 c2 66 89 54 24 6e 44 3b 40 3c 7d 0e 48 8b 40
0x00007ffb60aed121:   08 42 0f b6 44 00 04 3c 01 74 17 4c 8b cb 48 8d
0x00007ffb60aed131:   15 5a 23 75 00 49 8b cd e8 22 6f ff ff 0f b7 54
0x00007ffb60aed141:   24 6e 48 83 7b 08 00 75 6d 48 8b 0d 2f f6 9d 00 


Stack slot to memory mapping:
stack at sp + 0 slots: 0x000002637e485010 is a thread
stack at sp + 1 slots: 0x000000a21cdfd040 is pointing into the stack for thread: 0x000002637e485010
stack at sp + 2 slots: 0x00000000ffffffff is an unknown value
stack at sp + 3 slots: 0x0 is NULL
stack at sp + 4 slots: 0x00000263246c3a48 points into unknown readable memory: 0x00000263246c32d3 | d3 32 6c 24 63 02 00 00
stack at sp + 5 slots: 0x0000026300000000 points into unknown readable memory: 0x00010000cafedada | da da fe ca 00 00 01 00
stack at sp + 6 slots: 0x00000263246c4248 points into unknown readable memory: 0x00000263246c3f20 | 20 3f 6c 24 63 02 00 00
stack at sp + 7 slots: 0x00000263246c4448 points into unknown readable memory: 0x0000026300000000 | 00 00 00 00 63 02 00 00


---------------  P R O C E S S  ---------------

Threads class SMR info:
_java_thread_list=0x000002631c107180, length=16, elements={
0x000002637e485010, 0x0000026317c18000, 0x0000026317c1cce0, 0x0000026317c23b40,
0x0000026317c24470, 0x0000026317c24f40, 0x0000026317c2f7e0, 0x0000026317c31940,
0x0000026317c3adb0, 0x0000026317beb3a0, 0x000002631c0c8c20, 0x000002631c0c8690,
0x000002631c107930, 0x000002631c12acc0, 0x000002631c12f220, 0x000002631c148640
}

Java Threads: ( => current thread )
=>0x000002637e485010 JavaThread "main" [_thread_in_vm, id=6960, stack(0x000000a21cd00000,0x000000a21ce00000)]
  0x0000026317c18000 JavaThread "Reference Handler" daemon [_thread_blocked, id=7416, stack(0x000000a21d400000,0x000000a21d500000)]
  0x0000026317c1cce0 JavaThread "Finalizer" daemon [_thread_blocked, id=10548, stack(0x000000a21d500000,0x000000a21d600000)]
  0x0000026317c23b40 JavaThread "Signal Dispatcher" daemon [_thread_blocked, id=8100, stack(0x000000a21d600000,0x000000a21d700000)]
  0x0000026317c24470 JavaThread "Attach Listener" daemon [_thread_blocked, id=11980, stack(0x000000a21d700000,0x000000a21d800000)]
  0x0000026317c24f40 JavaThread "Service Thread" daemon [_thread_blocked, id=3216, stack(0x000000a21d800000,0x000000a21d900000)]
  0x0000026317c2f7e0 JavaThread "Monitor Deflation Thread" daemon [_thread_blocked, id=2960, stack(0x000000a21d900000,0x000000a21da00000)]
  0x0000026317c31940 JavaThread "C1 CompilerThread0" daemon [_thread_blocked, id=3564, stack(0x000000a21da00000,0x000000a21db00000)]
  0x0000026317c3adb0 JavaThread "Sweeper thread" daemon [_thread_blocked, id=8724, stack(0x000000a21db00000,0x000000a21dc00000)]
  0x0000026317beb3a0 JavaThread "Common-Cleaner" daemon [_thread_blocked, id=2696, stack(0x000000a21dc00000,0x000000a21dd00000)]
  0x000002631c0c8c20 JavaThread "C1 CompilerThread1" daemon [_thread_blocked, id=12240, stack(0x000000a21dd00000,0x000000a21de00000)]
  0x000002631c0c8690 JavaThread "C1 CompilerThread2" daemon [_thread_blocked, id=15980, stack(0x000000a21de00000,0x000000a21df00000)]
  0x000002631c107930 JavaThread "JDWP Transport Listener: dt_socket" daemon [_thread_blocked, id=3056, stack(0x000000a21df00000,0x000000a21e000000)]
  0x000002631c12acc0 JavaThread "JDWP Event Helper Thread" daemon [_thread_blocked, id=14128, stack(0x000000a21e000000,0x000000a21e100000)]
  0x000002631c12f220 JavaThread "JDWP Command Reader" daemon [_thread_in_native, id=3280, stack(0x000000a21e100000,0x000000a21e200000)]
  0x000002631c148640 JavaThread "Notification Thread" daemon [_thread_blocked, id=14908, stack(0x000000a21e200000,0x000000a21e300000)]

Other Threads:
  0x0000026317bfc3a0 VMThread "VM Thread" [stack: 0x000000a21d300000,0x000000a21d400000] [id=9120]
  0x000002637e5016e0 WorkerThread "GC Thread#0" [stack: 0x000000a21ce00000,0x000000a21cf00000] [id=9872]
  0x000002637e50e460 ConcurrentGCThread "G1 Main Marker" [stack: 0x000000a21cf00000,0x000000a21d000000] [id=7492]
  0x000002637e50ec40 WorkerThread "G1 Conc#0" [stack: 0x000000a21d000000,0x000000a21d100000] [id=8232]
  0x0000026317abbdb0 ConcurrentGCThread "G1 Refine#0" [stack: 0x000000a21d100000,0x000000a21d200000] [id=12776]
  0x0000026317abc6a0 ConcurrentGCThread "G1 Service" [stack: 0x000000a21d200000,0x000000a21d300000] [id=11280]

Threads with active compile tasks:

VM state: not at safepoint (normal execution)

VM Mutex/Monitor currently owned by a thread: None

Heap address: 0x00000006c2800000, size: 5080 MB, Compressed Oops mode: Zero based, Oop shift amount: 3

CDS archive(s) mapped at: [0x0000000800000000-0x0000000800c40000-0x0000000800c40000), size 12845056, SharedBaseAddress: 0x0000000800000000, ArchiveRelocationMode: 0.
Compressed class space mapped at: 0x0000000801000000-0x0000000841000000, reserved size: 1073741824
Narrow klass base: 0x0000000800000000, Narrow klass shift: 0, Narrow klass range: 0x100000000

GC Precious Log:
 CardTable entry size: 512
 Card Set container configuration: InlinePtr #cards 4 size 8 Array Of Cards #cards 32 size 80 Howl #buckets 8 coarsen threshold 7372 Howl Bitmap #cards 1024 size 144 coarsen threshold 921 Card regions per heap region 1 cards per card region 8192
 CPUs: 8 total, 8 available
 Memory: 20313M
 Large Page Support: Disabled
 NUMA Support: Disabled
 Compressed Oops: Enabled (Zero based)
 Heap Region Size: 4M
 Heap Min Capacity: 8M
 Heap Initial Capacity: 320M
 Heap Max Capacity: 5080M
 Pre-touch: Disabled
 Parallel Workers: 8
 Concurrent Workers: 2
 Concurrent Refinement Workers: 8
 Periodic GC: Disabled

Heap:
 garbage-first heap   total 327680K, used 12288K [0x00000006c2800000, 0x0000000800000000)
  region size 4096K, 4 young (16384K), 0 survivors (0K)
 Metaspace       used 4093K, committed 4352K, reserved 1114112K
  class space    used 480K, committed 640K, reserved 1048576K

Heap Regions: E=young(eden), S=young(survivor), O=old, HS=humongous(starts), HC=humongous(continues), CS=collection set, F=free, OA=open archive, CA=closed archive, TAMS=top-at-mark-start (previous, next)
|   0|0x00000006c2800000, 0x00000006c2800000, 0x00000006c2c00000|  0%| F|  |TAMS 0x00000006c2800000, 0x00000006c2800000| Untracked 
|   1|0x00000006c2c00000, 0x00000006c2c00000, 0x00000006c3000000|  0%| F|  |TAMS 0x00000006c2c00000, 0x00000006c2c00000| Untracked 
|   2|0x00000006c3000000, 0x00000006c3000000, 0x00000006c3400000|  0%| F|  |TAMS 0x00000006c3000000, 0x00000006c3000000| Untracked 
|   3|0x00000006c3400000, 0x00000006c3400000, 0x00000006c3800000|  0%| F|  |TAMS 0x00000006c3400000, 0x00000006c3400000| Untracked 
|   4|0x00000006c3800000, 0x00000006c3800000, 0x00000006c3c00000|  0%| F|  |TAMS 0x00000006c3800000, 0x00000006c3800000| Untracked 
|   5|0x00000006c3c00000, 0x00000006c3c00000, 0x00000006c4000000|  0%| F|  |TAMS 0x00000006c3c00000, 0x00000006c3c00000| Untracked 
|   6|0x00000006c4000000, 0x00000006c4000000, 0x00000006c4400000|  0%| F|  |TAMS 0x00000006c4000000, 0x00000006c4000000| Untracked 
|   7|0x00000006c4400000, 0x00000006c4400000, 0x00000006c4800000|  0%| F|  |TAMS 0x00000006c4400000, 0x00000006c4400000| Untracked 
|   8|0x00000006c4800000, 0x00000006c4800000, 0x00000006c4c00000|  0%| F|  |TAMS 0x00000006c4800000, 0x00000006c4800000| Untracked 
|   9|0x00000006c4c00000, 0x00000006c4c00000, 0x00000006c5000000|  0%| F|  |TAMS 0x00000006c4c00000, 0x00000006c4c00000| Untracked 
|  10|0x00000006c5000000, 0x00000006c5000000, 0x00000006c5400000|  0%| F|  |TAMS 0x00000006c5000000, 0x00000006c5000000| Untracked 
|  11|0x00000006c5400000, 0x00000006c5400000, 0x00000006c5800000|  0%| F|  |TAMS 0x00000006c5400000, 0x00000006c5400000| Untracked 
|  12|0x00000006c5800000, 0x00000006c5800000, 0x00000006c5c00000|  0%| F|  |TAMS 0x00000006c5800000, 0x00000006c5800000| Untracked 
|  13|0x00000006c5c00000, 0x00000006c5c00000, 0x00000006c6000000|  0%| F|  |TAMS 0x00000006c5c00000, 0x00000006c5c00000| Untracked 
|  14|0x00000006c6000000, 0x00000006c6000000, 0x00000006c6400000|  0%| F|  |TAMS 0x00000006c6000000, 0x00000006c6000000| Untracked 
|  15|0x00000006c6400000, 0x00000006c6400000, 0x00000006c6800000|  0%| F|  |TAMS 0x00000006c6400000, 0x00000006c6400000| Untracked 
|  16|0x00000006c6800000, 0x00000006c6800000, 0x00000006c6c00000|  0%| F|  |TAMS 0x00000006c6800000, 0x00000006c6800000| Untracked 
|  17|0x00000006c6c00000, 0x00000006c6c00000, 0x00000006c7000000|  0%| F|  |TAMS 0x00000006c6c00000, 0x00000006c6c00000| Untracked 
|  18|0x00000006c7000000, 0x00000006c7000000, 0x00000006c7400000|  0%| F|  |TAMS 0x00000006c7000000, 0x00000006c7000000| Untracked 
|  19|0x00000006c7400000, 0x00000006c7400000, 0x00000006c7800000|  0%| F|  |TAMS 0x00000006c7400000, 0x00000006c7400000| Untracked 
|  20|0x00000006c7800000, 0x00000006c7800000, 0x00000006c7c00000|  0%| F|  |TAMS 0x00000006c7800000, 0x00000006c7800000| Untracked 
|  21|0x00000006c7c00000, 0x00000006c7c00000, 0x00000006c8000000|  0%| F|  |TAMS 0x00000006c7c00000, 0x00000006c7c00000| Untracked 
|  22|0x00000006c8000000, 0x00000006c8000000, 0x00000006c8400000|  0%| F|  |TAMS 0x00000006c8000000, 0x00000006c8000000| Untracked 
|  23|0x00000006c8400000, 0x00000006c8400000, 0x00000006c8800000|  0%| F|  |TAMS 0x00000006c8400000, 0x00000006c8400000| Untracked 
|  24|0x00000006c8800000, 0x00000006c8800000, 0x00000006c8c00000|  0%| F|  |TAMS 0x00000006c8800000, 0x00000006c8800000| Untracked 
|  25|0x00000006c8c00000, 0x00000006c8c00000, 0x00000006c9000000|  0%| F|  |TAMS 0x00000006c8c00000, 0x00000006c8c00000| Untracked 
|  26|0x00000006c9000000, 0x00000006c9000000, 0x00000006c9400000|  0%| F|  |TAMS 0x00000006c9000000, 0x00000006c9000000| Untracked 
|  27|0x00000006c9400000, 0x00000006c9400000, 0x00000006c9800000|  0%| F|  |TAMS 0x00000006c9400000, 0x00000006c9400000| Untracked 
|  28|0x00000006c9800000, 0x00000006c9800000, 0x00000006c9c00000|  0%| F|  |TAMS 0x00000006c9800000, 0x00000006c9800000| Untracked 
|  29|0x00000006c9c00000, 0x00000006c9c00000, 0x00000006ca000000|  0%| F|  |TAMS 0x00000006c9c00000, 0x00000006c9c00000| Untracked 
|  30|0x00000006ca000000, 0x00000006ca000000, 0x00000006ca400000|  0%| F|  |TAMS 0x00000006ca000000, 0x00000006ca000000| Untracked 
|  31|0x00000006ca400000, 0x00000006ca400000, 0x00000006ca800000|  0%| F|  |TAMS 0x00000006ca400000, 0x00000006ca400000| Untracked 
|  32|0x00000006ca800000, 0x00000006ca800000, 0x00000006cac00000|  0%| F|  |TAMS 0x00000006ca800000, 0x00000006ca800000| Untracked 
|  33|0x00000006cac00000, 0x00000006cac00000, 0x00000006cb000000|  0%| F|  |TAMS 0x00000006cac00000, 0x00000006cac00000| Untracked 
|  34|0x00000006cb000000, 0x00000006cb000000, 0x00000006cb400000|  0%| F|  |TAMS 0x00000006cb000000, 0x00000006cb000000| Untracked 
|  35|0x00000006cb400000, 0x00000006cb400000, 0x00000006cb800000|  0%| F|  |TAMS 0x00000006cb400000, 0x00000006cb400000| Untracked 
|  36|0x00000006cb800000, 0x00000006cb800000, 0x00000006cbc00000|  0%| F|  |TAMS 0x00000006cb800000, 0x00000006cb800000| Untracked 
|  37|0x00000006cbc00000, 0x00000006cbc00000, 0x00000006cc000000|  0%| F|  |TAMS 0x00000006cbc00000, 0x00000006cbc00000| Untracked 
|  38|0x00000006cc000000, 0x00000006cc000000, 0x00000006cc400000|  0%| F|  |TAMS 0x00000006cc000000, 0x00000006cc000000| Untracked 
|  39|0x00000006cc400000, 0x00000006cc400000, 0x00000006cc800000|  0%| F|  |TAMS 0x00000006cc400000, 0x00000006cc400000| Untracked 
|  40|0x00000006cc800000, 0x00000006cc800000, 0x00000006ccc00000|  0%| F|  |TAMS 0x00000006cc800000, 0x00000006cc800000| Untracked 
|  41|0x00000006ccc00000, 0x00000006ccc00000, 0x00000006cd000000|  0%| F|  |TAMS 0x00000006ccc00000, 0x00000006ccc00000| Untracked 
|  42|0x00000006cd000000, 0x00000006cd000000, 0x00000006cd400000|  0%| F|  |TAMS 0x00000006cd000000, 0x00000006cd000000| Untracked 
|  43|0x00000006cd400000, 0x00000006cd400000, 0x00000006cd800000|  0%| F|  |TAMS 0x00000006cd400000, 0x00000006cd400000| Untracked 
|  44|0x00000006cd800000, 0x00000006cd800000, 0x00000006cdc00000|  0%| F|  |TAMS 0x00000006cd800000, 0x00000006cd800000| Untracked 
|  45|0x00000006cdc00000, 0x00000006cdc00000, 0x00000006ce000000|  0%| F|  |TAMS 0x00000006cdc00000, 0x00000006cdc00000| Untracked 
|  46|0x00000006ce000000, 0x00000006ce000000, 0x00000006ce400000|  0%| F|  |TAMS 0x00000006ce000000, 0x00000006ce000000| Untracked 
|  47|0x00000006ce400000, 0x00000006ce400000, 0x00000006ce800000|  0%| F|  |TAMS 0x00000006ce400000, 0x00000006ce400000| Untracked 
|  48|0x00000006ce800000, 0x00000006ce800000, 0x00000006cec00000|  0%| F|  |TAMS 0x00000006ce800000, 0x00000006ce800000| Untracked 
|  49|0x00000006cec00000, 0x00000006cec00000, 0x00000006cf000000|  0%| F|  |TAMS 0x00000006cec00000, 0x00000006cec00000| Untracked 
|  50|0x00000006cf000000, 0x00000006cf000000, 0x00000006cf400000|  0%| F|  |TAMS 0x00000006cf000000, 0x00000006cf000000| Untracked 
|  51|0x00000006cf400000, 0x00000006cf400000, 0x00000006cf800000|  0%| F|  |TAMS 0x00000006cf400000, 0x00000006cf400000| Untracked 
|  52|0x00000006cf800000, 0x00000006cf800000, 0x00000006cfc00000|  0%| F|  |TAMS 0x00000006cf800000, 0x00000006cf800000| Untracked 
|  53|0x00000006cfc00000, 0x00000006cfc00000, 0x00000006d0000000|  0%| F|  |TAMS 0x00000006cfc00000, 0x00000006cfc00000| Untracked 
|  54|0x00000006d0000000, 0x00000006d0000000, 0x00000006d0400000|  0%| F|  |TAMS 0x00000006d0000000, 0x00000006d0000000| Untracked 
|  55|0x00000006d0400000, 0x00000006d0400000, 0x00000006d0800000|  0%| F|  |TAMS 0x00000006d0400000, 0x00000006d0400000| Untracked 
|  56|0x00000006d0800000, 0x00000006d0800000, 0x00000006d0c00000|  0%| F|  |TAMS 0x00000006d0800000, 0x00000006d0800000| Untracked 
|  57|0x00000006d0c00000, 0x00000006d0c00000, 0x00000006d1000000|  0%| F|  |TAMS 0x00000006d0c00000, 0x00000006d0c00000| Untracked 
|  58|0x00000006d1000000, 0x00000006d1000000, 0x00000006d1400000|  0%| F|  |TAMS 0x00000006d1000000, 0x00000006d1000000| Untracked 
|  59|0x00000006d1400000, 0x00000006d1400000, 0x00000006d1800000|  0%| F|  |TAMS 0x00000006d1400000, 0x00000006d1400000| Untracked 
|  60|0x00000006d1800000, 0x00000006d1800000, 0x00000006d1c00000|  0%| F|  |TAMS 0x00000006d1800000, 0x00000006d1800000| Untracked 
|  61|0x00000006d1c00000, 0x00000006d1c00000, 0x00000006d2000000|  0%| F|  |TAMS 0x00000006d1c00000, 0x00000006d1c00000| Untracked 
|  62|0x00000006d2000000, 0x00000006d2000000, 0x00000006d2400000|  0%| F|  |TAMS 0x00000006d2000000, 0x00000006d2000000| Untracked 
|  63|0x00000006d2400000, 0x00000006d2400000, 0x00000006d2800000|  0%| F|  |TAMS 0x00000006d2400000, 0x00000006d2400000| Untracked 
|  64|0x00000006d2800000, 0x00000006d2800000, 0x00000006d2c00000|  0%| F|  |TAMS 0x00000006d2800000, 0x00000006d2800000| Untracked 
|  65|0x00000006d2c00000, 0x00000006d2c00000, 0x00000006d3000000|  0%| F|  |TAMS 0x00000006d2c00000, 0x00000006d2c00000| Untracked 
|  66|0x00000006d3000000, 0x00000006d3000000, 0x00000006d3400000|  0%| F|  |TAMS 0x00000006d3000000, 0x00000006d3000000| Untracked 
|  67|0x00000006d3400000, 0x00000006d3400000, 0x00000006d3800000|  0%| F|  |TAMS 0x00000006d3400000, 0x00000006d3400000| Untracked 
|  68|0x00000006d3800000, 0x00000006d3800000, 0x00000006d3c00000|  0%| F|  |TAMS 0x00000006d3800000, 0x00000006d3800000| Untracked 
|  69|0x00000006d3c00000, 0x00000006d3c00000, 0x00000006d4000000|  0%| F|  |TAMS 0x00000006d3c00000, 0x00000006d3c00000| Untracked 
|  70|0x00000006d4000000, 0x00000006d4000000, 0x00000006d4400000|  0%| F|  |TAMS 0x00000006d4000000, 0x00000006d4000000| Untracked 
|  71|0x00000006d4400000, 0x00000006d4400000, 0x00000006d4800000|  0%| F|  |TAMS 0x00000006d4400000, 0x00000006d4400000| Untracked 
|  72|0x00000006d4800000, 0x00000006d4800000, 0x00000006d4c00000|  0%| F|  |TAMS 0x00000006d4800000, 0x00000006d4800000| Untracked 
|  73|0x00000006d4c00000, 0x00000006d4c00000, 0x00000006d5000000|  0%| F|  |TAMS 0x00000006d4c00000, 0x00000006d4c00000| Untracked 
|  74|0x00000006d5000000, 0x00000006d5000000, 0x00000006d5400000|  0%| F|  |TAMS 0x00000006d5000000, 0x00000006d5000000| Untracked 
|  75|0x00000006d5400000, 0x00000006d5400000, 0x00000006d5800000|  0%| F|  |TAMS 0x00000006d5400000, 0x00000006d5400000| Untracked 
|  76|0x00000006d5800000, 0x00000006d5a008d8, 0x00000006d5c00000| 50%| E|  |TAMS 0x00000006d5800000, 0x00000006d5800000| Complete 
|  77|0x00000006d5c00000, 0x00000006d6000000, 0x00000006d6000000|100%| E|CS|TAMS 0x00000006d5c00000, 0x00000006d5c00000| Complete 
|  78|0x00000006d6000000, 0x00000006d6400000, 0x00000006d6400000|100%| E|CS|TAMS 0x00000006d6000000, 0x00000006d6000000| Complete 
|  79|0x00000006d6400000, 0x00000006d6800000, 0x00000006d6800000|100%| E|CS|TAMS 0x00000006d6400000, 0x00000006d6400000| Complete 

Card table byte_map: [0x000002637f040000,0x000002637fa30000] _byte_map_base: 0x000002637ba2c000

Marking Bits (Prev, Next): (CMBitMap*) 0x000002637e501ac0, (CMBitMap*) 0x000002637e501b00
 Prev Bits: [0x000002630b880000, 0x00000263107e0000)
 Next Bits: [0x00000263107e0000, 0x0000026315740000)

Polling page: 0x000002637dc40000

Metaspace:

Usage:
  Non-class:      3.53 MB used.
      Class:    480.57 KB used.
       Both:      4.00 MB used.

Virtual space:
  Non-class space:       64.00 MB reserved,       3.62 MB (  6%) committed,  1 nodes.
      Class space:        1.00 GB reserved,     640.00 KB ( <1%) committed,  1 nodes.
             Both:        1.06 GB reserved,       4.25 MB ( <1%) committed. 

Chunk freelists:
   Non-Class:  3.86 MB
       Class:  3.25 MB
        Both:  7.11 MB

MaxMetaspaceSize: unlimited
CompressedClassSpaceSize: 1.00 GB
Initial GC threshold: 21.00 MB
Current GC threshold: 21.00 MB
CDS: on
MetaspaceReclaimPolicy: balanced
 - commit_granule_bytes: 65536.
 - commit_granule_words: 8192.
 - virtual_space_node_default_size: 8388608.
 - enlarge_chunks_in_place: 1.
 - new_chunks_are_fully_committed: 0.
 - uncommit_free_chunks: 1.
 - use_allocation_guard: 0.


Internal statistics:

num_allocs_failed_limit: 0.
num_arena_births: 140.
num_arena_deaths: 0.
num_vsnodes_births: 2.
num_vsnodes_deaths: 0.
num_space_committed: 68.
num_space_uncommitted: 0.
num_chunks_returned_to_freelist: 0.
num_chunks_taken_from_freelist: 189.
num_chunk_merges: 0.
num_chunk_splits: 105.
num_chunks_enlarged: 28.
num_inconsistent_stats: 0.

CodeCache: size=49152Kb used=3893Kb max_used=3893Kb free=45258Kb
 bounds [0x0000026307e90000, 0x0000026308260000, 0x000002630ae90000]
 total_blobs=1526 nmethods=1082 adapters=368
 compilation: enabled
              stopped_count=0, restarted_count=0
 full_count=0

Compilation events (20 events):
Event: 1.264 Thread 0x0000026317c31940 1072  s    1       sun.nio.fs.WindowsDirectoryStream$WindowsDirectoryIterator::next (48 bytes)
Event: 1.264 Thread 0x000002631c0c8c20 nmethod 1070 0x0000026308257190 code [0x0000026308257340, 0x0000026308257738]
Event: 1.264 Thread 0x0000026317c31940 nmethod 1072 0x0000026308257810 code [0x00000263082579e0, 0x0000026308257c38]
Event: 1.264 Thread 0x000002631c0c8690 nmethod 1068 0x0000026308257d90 code [0x0000026308257fa0, 0x00000263082586f8]
Event: 1.266 Thread 0x000002631c0c8690 1073       1       sun.security.provider.ByteArrayAccess::b2iBig64 (231 bytes)
Event: 1.268 Thread 0x0000026317c31940 1074       1       java.util.concurrent.atomic.AtomicLong::get (5 bytes)
Event: 1.268 Thread 0x0000026317c31940 nmethod 1074 0x0000026308258a90 code [0x0000026308258c20, 0x0000026308258cf8]
Event: 1.271 Thread 0x000002631c0c8690 nmethod 1073 0x0000026308258d90 code [0x0000026308259020, 0x0000026308259a98]
Event: 1.272 Thread 0x0000026317c31940 1075       1       java.util.concurrent.atomic.AtomicLong::compareAndSet (13 bytes)
Event: 1.272 Thread 0x000002631c0c8c20 1076       1       java.util.Random::nextBoolean (14 bytes)
Event: 1.272 Thread 0x000002631c0c8690 1077       1       java.util.Random::next (47 bytes)
Event: 1.272 Thread 0x0000026317c31940 nmethod 1075 0x000002630825a790 code [0x000002630825a920, 0x000002630825a9f8]
Event: 1.272 Thread 0x000002631c0c8c20 nmethod 1076 0x000002630825aa90 code [0x000002630825ac40, 0x000002630825ad48]
Event: 1.272 Thread 0x000002631c0c8690 nmethod 1077 0x000002630825ae10 code [0x000002630825afa0, 0x000002630825b0f8]
Event: 1.282 Thread 0x0000026317c31940 1080   !   1       java.lang.invoke.MethodHandle::setVarargs (25 bytes)
Event: 1.282 Thread 0x000002631c0c8c20 1081       1       java.lang.invoke.MemberName::isVarargs (23 bytes)
Event: 1.283 Thread 0x000002631c0c8c20 nmethod 1081 0x000002630825b810 code [0x000002630825b9a0, 0x000002630825baf8]
Event: 1.283 Thread 0x0000026317c31940 nmethod 1080 0x000002630825bb90 code [0x000002630825bd60, 0x000002630825bf98]
Event: 1.284 Thread 0x000002631c0c8c20 1082       1       java.lang.invoke.MethodHandles$Lookup::in (283 bytes)
Event: 1.286 Thread 0x000002631c0c8c20 nmethod 1082 0x000002630825c110 code [0x000002630825c420, 0x000002630825cf78]

GC Heap History (0 events):
No events

Dll operation events (8 events):
Event: 0.015 Loaded shared library C:\Users\£¨TJX-love-LJQ£©\.jdks\openjdk-19.0.2\bin\java.dll
Event: 0.035 Loaded shared library C:\Users\£¨TJX-love-LJQ£©\.jdks\openjdk-19.0.2\bin\jsvml.dll
Event: 0.304 Loaded shared library C:\Users\£¨TJX-love-LJQ£©\.jdks\openjdk-19.0.2\bin\jimage.dll
Event: 0.311 Loaded shared library C:\Users\£¨TJX-love-LJQ£©\.jdks\openjdk-19.0.2\bin\net.dll
Event: 0.313 Loaded shared library C:\Users\£¨TJX-love-LJQ£©\.jdks\openjdk-19.0.2\bin\nio.dll
Event: 0.416 Loaded shared library C:\Users\£¨TJX-love-LJQ£©\.jdks\openjdk-19.0.2\bin\zip.dll
Event: 0.564 Loaded shared library C:\Users\£¨TJX-love-LJQ£©\.jdks\openjdk-19.0.2\bin\management.dll
Event: 0.596 Loaded shared library C:\Users\£¨TJX-love-LJQ£©\.jdks\openjdk-19.0.2\bin\management_ext.dll

Deoptimization events (6 events):
Event: 0.851 Thread 0x000002637e485010 DEOPT PACKING pc=0x00000263081dc755 sp=0x000000a21cdfd2b0
Event: 0.851 Thread 0x000002637e485010 DEOPT UNPACKING pc=0x0000026307ef7543 sp=0x000000a21cdfc760 mode 3
Event: 0.884 Thread 0x000002637e485010 DEOPT PACKING pc=0x00000263081f7353 sp=0x000000a21cdfd230
Event: 0.884 Thread 0x000002637e485010 DEOPT UNPACKING pc=0x0000026307ef7543 sp=0x000000a21cdfc6e8 mode 3
Event: 1.255 Thread 0x000002637e485010 DEOPT PACKING pc=0x000002630824a990 sp=0x000000a21cdfc9f0
Event: 1.255 Thread 0x000002637e485010 DEOPT UNPACKING pc=0x0000026307ef7543 sp=0x000000a21cdfbf28 mode 3

Classes loaded (20 events):
Event: 1.079 Loading class java/lang/constant/PrimitiveClassDescImpl done
Event: 1.079 Loading class java/lang/constant/DynamicConstantDesc$AnonymousDynamicConstantDesc
Event: 1.080 Loading class java/lang/constant/DynamicConstantDesc$AnonymousDynamicConstantDesc done
Event: 1.116 Loading class java/net/NetworkInterface$1
Event: 1.116 Loading class java/net/NetworkInterface$1 done
Event: 1.231 Loading class java/nio/file/Files$AcceptAllFilter
Event: 1.231 Loading class java/nio/file/Files$AcceptAllFilter done
Event: 1.279 Loading class sun/security/provider/AbstractDrbg$NonceProvider
Event: 1.279 Loading class sun/security/provider/AbstractDrbg$NonceProvider done
Event: 1.280 Loading class sun/security/provider/SHA2$SHA256
Event: 1.280 Loading class sun/security/provider/SHA2
Event: 1.280 Loading class sun/security/provider/SHA2 done
Event: 1.280 Loading class sun/security/provider/SHA2$SHA256 done
Event: 1.283 Loading class sun/rmi/transport/tcp/TCPEndpoint
Event: 1.284 Loading class sun/rmi/transport/Endpoint
Event: 1.284 Loading class sun/rmi/transport/Endpoint done
Event: 1.284 Loading class sun/rmi/transport/tcp/TCPEndpoint done
Event: 1.302 Loading class java/net/InetAddress$CachedLocalHost
Event: 1.303 Loading class java/net/InetAddress$CachedLocalHost done
Event: 1.305 Loading class sun/rmi/transport/tcp/TCPTransport

Classes unloaded (0 events):
No events

Classes redefined (0 events):
No events

Internal exceptions (18 events):
Event: 0.326 Thread 0x000002637e485010 Exception <a 'java/lang/NoSuchMethodError'{0x00000006d678a148}: 'void java.lang.invoke.DirectMethodHandle$Holder.invokeVirtual(java.lang.Object, java.lang.Object)'> (0x00000006d678a148) 
thrown [s\open\src\hotspot\share\interpreter\linkResolver.cpp, line 774]
Event: 0.328 Thread 0x000002637e485010 Exception <a 'java/lang/NoSuchMethodError'{0x00000006d678dfc8}: 'void java.lang.invoke.DirectMethodHandle$Holder.invokeSpecial(java.lang.Object, java.lang.Object, java.lang.Object)'> (0x00000006d678dfc8) 
thrown [s\open\src\hotspot\share\interpreter\linkResolver.cpp, line 774]
Event: 0.336 Thread 0x000002637e485010 Exception <a 'java/lang/NoSuchMethodError'{0x00000006d6003d50}: 'java.lang.Object java.lang.invoke.DirectMethodHandle$Holder.invokeStaticInit(java.lang.Object)'> (0x00000006d6003d50) 
thrown [s\open\src\hotspot\share\interpreter\linkResolver.cpp, line 774]
Event: 0.349 Thread 0x000002637e485010 Exception <a 'java/lang/NoSuchMethodError'{0x00000006d6011410}: 'int java.lang.invoke.DirectMethodHandle$Holder.invokeSpecial(java.lang.Object, java.lang.Object, java.lang.Object, int)'> (0x00000006d6011410) 
thrown [s\open\src\hotspot\share\interpreter\linkResolver.cpp, line 774]
Event: 0.357 Thread 0x000002637e485010 Exception <a 'java/lang/NoSuchMethodError'{0x00000006d6024070}: 'java.lang.Object java.lang.invoke.DirectMethodHandle$Holder.invokeStatic(java.lang.Object, java.lang.Object, java.lang.Object, java.lang.Object, int)'> (0x00000006d6024070) 
thrown [s\open\src\hotspot\share\interpreter\linkResolver.cpp, line 774]
Event: 0.361 Thread 0x000002637e485010 Exception <a 'java/lang/NoSuchMethodError'{0x00000006d602c4e8}: 'long java.lang.invoke.DirectMethodHandle$Holder.invokeStatic(java.lang.Object, java.lang.Object, int)'> (0x00000006d602c4e8) 
thrown [s\open\src\hotspot\share\interpreter\linkResolver.cpp, line 774]
Event: 0.365 Thread 0x000002637e485010 Exception <a 'java/lang/NoSuchMethodError'{0x00000006d6038260}: 'java.lang.Object java.lang.invoke.DelegatingMethodHandle$Holder.reinvoke_L(java.lang.Object, int, long, java.lang.Object, java.lang.Object, int, java.lang.Object)'> (0x00000006d6038260) 
thrown [s\open\src\hotspot\share\interpreter\linkResolver.cpp, line 774]
Event: 0.373 Thread 0x000002637e485010 Exception <a 'java/lang/NoSuchMethodError'{0x00000006d6046c78}: 'int java.lang.invoke.DirectMethodHandle$Holder.invokeSpecial(java.lang.Object, java.lang.Object, java.lang.Object)'> (0x00000006d6046c78) 
thrown [s\open\src\hotspot\share\interpreter\linkResolver.cpp, line 774]
Event: 0.389 Thread 0x000002637e485010 Exception <a 'java/lang/NoSuchMethodError'{0x00000006d60ce1f8}: 'java.lang.Object java.lang.invoke.DirectMethodHandle$Holder.invokeStatic(java.lang.Object, java.lang.Object, int)'> (0x00000006d60ce1f8) 
thrown [s\open\src\hotspot\share\interpreter\linkResolver.cpp, line 774]
Event: 0.394 Thread 0x000002637e485010 Exception <a 'java/lang/NoSuchMethodError'{0x00000006d60da228}: 'void java.lang.invoke.DelegatingMethodHandle$Holder.delegate(java.lang.Object, java.lang.Object, int, java.lang.Object)'> (0x00000006d60da228) 
thrown [s\open\src\hotspot\share\interpreter\linkResolver.cpp, line 774]
Event: 0.605 Thread 0x000002637e485010 Exception <a 'java/lang/NoSuchMethodError'{0x00000006d6369240}: 'int java.lang.invoke.DirectMethodHandle$Holder.invokeInterface(java.lang.Object, java.lang.Object)'> (0x00000006d6369240) 
thrown [s\open\src\hotspot\share\interpreter\linkResolver.cpp, line 774]
Event: 0.606 Thread 0x000002637e485010 Exception <a 'java/lang/IncompatibleClassChangeError'{0x00000006d636c728}: Found class java.lang.Object, but interface was expected> (0x00000006d636c728) 
thrown [s\open\src\hotspot\share\interpreter\linkResolver.cpp, line 841]
Event: 0.609 Thread 0x000002637e485010 Exception <a 'java/lang/NoSuchMethodError'{0x00000006d6372440}: 'void java.lang.invoke.DirectMethodHandle$Holder.invokeStatic(java.lang.Object, java.lang.Object)'> (0x00000006d6372440) 
thrown [s\open\src\hotspot\share\interpreter\linkResolver.cpp, line 774]
Event: 0.796 Thread 0x000002637e485010 Exception <a 'java/lang/NoSuchMethodError'{0x00000006d5ce1140}: 'java.lang.Object java.lang.invoke.DirectMethodHandle$Holder.invokeStaticInit(java.lang.Object, java.lang.Object, java.lang.Object)'> (0x00000006d5ce1140) 
thrown [s\open\src\hotspot\share\interpreter\linkResolver.cpp, line 774]
Event: 0.927 Thread 0x000002637e485010 Exception <a 'java/lang/NoSuchMethodError'{0x00000006d5f9bd30}: 'void java.lang.invoke.DirectMethodHandle$Holder.invokeStatic(java.lang.Object, java.lang.Object, java.lang.Object)'> (0x00000006d5f9bd30) 
thrown [s\open\src\hotspot\share\interpreter\linkResolver.cpp, line 774]
Event: 0.957 Thread 0x000002637e485010 Exception <a 'java/lang/NoSuchMethodError'{0x00000006d5fd8420}: 'int java.lang.invoke.DirectMethodHandle$Holder.invokeSpecialIFC(java.lang.Object, java.lang.Object, java.lang.Object)'> (0x00000006d5fd8420) 
thrown [s\open\src\hotspot\share\interpreter\linkResolver.cpp, line 774]
Event: 1.040 Thread 0x000002637e485010 Exception <a 'java/lang/NoSuchMethodError'{0x00000006d584e320}: 'java.lang.Object java.lang.invoke.DirectMethodHandle$Holder.invokeStaticInit(java.lang.Object, int, int, int, int)'> (0x00000006d584e320) 
thrown [s\open\src\hotspot\share\interpreter\linkResolver.cpp, line 774]
Event: 1.277 Thread 0x000002637e485010 Exception <a 'java/lang/NoSuchMethodError'{0x00000006d59bbdc0}: 'java.lang.Object java.lang.invoke.DirectMethodHandle$Holder.invokeStaticInit(java.lang.Object, java.lang.Object, int, int, int, int)'> (0x00000006d59bbdc0) 
thrown [s\open\src\hotspot\share\interpreter\linkResolver.cpp, line 774]

VM Operations (8 events):
Event: 0.209 Executing VM operation: HandshakeAllThreads
Event: 0.209 Executing VM operation: HandshakeAllThreads done
Event: 0.238 Executing VM operation: ChangeBreakpoints
Event: 0.254 Executing VM operation: ChangeBreakpoints done
Event: 0.527 Executing VM operation: HandshakeAllThreads
Event: 0.527 Executing VM operation: HandshakeAllThreads done
Event: 1.003 Executing VM operation: HandshakeAllThreads
Event: 1.003 Executing VM operation: HandshakeAllThreads done

Events (16 events):
Event: 0.036 Thread 0x000002637e485010 Thread added: 0x000002637e485010
Event: 0.079 Thread 0x0000026317c18000 Thread added: 0x0000026317c18000
Event: 0.079 Thread 0x0000026317c1cce0 Thread added: 0x0000026317c1cce0
Event: 0.079 Thread 0x0000026317c23b40 Thread added: 0x0000026317c23b40
Event: 0.080 Thread 0x0000026317c24470 Thread added: 0x0000026317c24470
Event: 0.080 Thread 0x0000026317c24f40 Thread added: 0x0000026317c24f40
Event: 0.080 Thread 0x0000026317c2f7e0 Thread added: 0x0000026317c2f7e0
Event: 0.080 Thread 0x0000026317c31940 Thread added: 0x0000026317c31940
Event: 0.080 Thread 0x0000026317c3adb0 Thread added: 0x0000026317c3adb0
Event: 0.193 Thread 0x0000026317beb3a0 Thread added: 0x0000026317beb3a0
Event: 0.209 Thread 0x000002631c0c8c20 Thread added: 0x000002631c0c8c20
Event: 0.212 Thread 0x000002631c0c8690 Thread added: 0x000002631c0c8690
Event: 0.236 Thread 0x000002631c107930 Thread added: 0x000002631c107930
Event: 0.237 Thread 0x000002631c12acc0 Thread added: 0x000002631c12acc0
Event: 0.238 Thread 0x000002631c12f220 Thread added: 0x000002631c12f220
Event: 0.284 Thread 0x000002631c148640 Thread added: 0x000002631c148640


Dynamic libraries:
0x00007ff6aba40000 - 0x00007ff6aba4e000 	C:\Users\£¨TJX-love-LJQ£©\.jdks\openjdk-19.0.2\bin\java.exe
0x00007ffbd5bd0000 - 0x00007ffbd5de7000 	C:\WINDOWS\SYSTEM32\ntdll.dll
0x00007ffbd4e70000 - 0x00007ffbd4f34000 	C:\WINDOWS\System32\KERNEL32.DLL
0x00007ffbd3440000 - 0x00007ffbd37e6000 	C:\WINDOWS\System32\KERNELBASE.dll
0x00007ffbd3320000 - 0x00007ffbd3431000 	C:\WINDOWS\System32\ucrtbase.dll
0x00007ffbce170000 - 0x00007ffbce187000 	C:\Users\£¨TJX-love-LJQ£©\.jdks\openjdk-19.0.2\bin\jli.dll
0x00007ffbce1a0000 - 0x00007ffbce1bb000 	C:\Users\£¨TJX-love-LJQ£©\.jdks\openjdk-19.0.2\bin\VCRUNTIME140.dll
0x00007ffbd59b0000 - 0x00007ffbd5b5d000 	C:\WINDOWS\System32\USER32.dll
0x00007ffbd3250000 - 0x00007ffbd3276000 	C:\WINDOWS\System32\win32u.dll
0x00007ffbd4db0000 - 0x00007ffbd4dd9000 	C:\WINDOWS\System32\GDI32.dll
0x00007ffbb98a0000 - 0x00007ffbb9b33000 	C:\WINDOWS\WinSxS\amd64_microsoft.windows.common-controls_6595b64144ccf1df_6.0.22621.2361_none_2712ced57382f843\COMCTL32.dll
0x00007ffbd42b0000 - 0x00007ffbd4357000 	C:\WINDOWS\System32\msvcrt.dll
0x00007ffbd2fc0000 - 0x00007ffbd30d8000 	C:\WINDOWS\System32\gdi32full.dll
0x00007ffbd3280000 - 0x00007ffbd331a000 	C:\WINDOWS\System32\msvcp_win.dll
0x00007ffbd4900000 - 0x00007ffbd4931000 	C:\WINDOWS\System32\IMM32.DLL
0x00007ffbce160000 - 0x00007ffbce16c000 	C:\Users\£¨TJX-love-LJQ£©\.jdks\openjdk-19.0.2\bin\vcruntime140_1.dll
0x00007ffbbe690000 - 0x00007ffbbe71e000 	C:\Users\£¨TJX-love-LJQ£©\.jdks\openjdk-19.0.2\bin\msvcp140.dll
0x00007ffb608d0000 - 0x00007ffb61590000 	C:\Users\£¨TJX-love-LJQ£©\.jdks\openjdk-19.0.2\bin\server\jvm.dll
0x00007ffbd4850000 - 0x00007ffbd4900000 	C:\WINDOWS\System32\ADVAPI32.dll
0x00007ffbd3930000 - 0x00007ffbd39d6000 	C:\WINDOWS\System32\sechost.dll
0x00007ffbd5790000 - 0x00007ffbd58a7000 	C:\WINDOWS\System32\RPCRT4.dll
0x00007ffbb6b00000 - 0x00007ffbb6b09000 	C:\WINDOWS\SYSTEM32\WSOCK32.dll
0x00007ffbcb640000 - 0x00007ffbcb674000 	C:\WINDOWS\SYSTEM32\WINMM.dll
0x00007ffbc8290000 - 0x00007ffbc829a000 	C:\WINDOWS\SYSTEM32\VERSION.dll
0x00007ffbd4d30000 - 0x00007ffbd4da1000 	C:\WINDOWS\System32\WS2_32.dll
0x00007ffbd1ef0000 - 0x00007ffbd1f08000 	C:\WINDOWS\SYSTEM32\kernel.appcore.dll
0x00007ffbcd0d0000 - 0x00007ffbcd0da000 	C:\Users\£¨TJX-love-LJQ£©\.jdks\openjdk-19.0.2\bin\jimage.dll
0x00007ffbd0850000 - 0x00007ffbd0a7e000 	C:\WINDOWS\SYSTEM32\DBGHELP.DLL
0x00007ffbd4940000 - 0x00007ffbd4cca000 	C:\WINDOWS\System32\combase.dll
0x00007ffbd54e0000 - 0x00007ffbd55b7000 	C:\WINDOWS\System32\OLEAUT32.dll
0x00007ffbc1c10000 - 0x00007ffbc1c42000 	C:\WINDOWS\SYSTEM32\dbgcore.DLL
0x00007ffbd38b0000 - 0x00007ffbd392a000 	C:\WINDOWS\System32\bcryptPrimitives.dll
0x00007ffbbe650000 - 0x00007ffbbe68c000 	C:\Users\£¨TJX-love-LJQ£©\.jdks\openjdk-19.0.2\bin\jdwp.dll
0x00007ffbccca0000 - 0x00007ffbcccc6000 	C:\Users\£¨TJX-love-LJQ£©\.jdks\openjdk-19.0.2\bin\java.dll
0x00007ffbbbc50000 - 0x00007ffbbbd27000 	C:\Users\£¨TJX-love-LJQ£©\.jdks\openjdk-19.0.2\bin\jsvml.dll
0x00007ffbd3a50000 - 0x00007ffbd42a8000 	C:\WINDOWS\System32\SHELL32.dll
0x00007ffbd0e60000 - 0x00007ffbd1752000 	C:\WINDOWS\SYSTEM32\windows.storage.dll
0x00007ffbd0d20000 - 0x00007ffbd0e5e000 	C:\WINDOWS\SYSTEM32\wintypes.dll
0x00007ffbd4f40000 - 0x00007ffbd5033000 	C:\WINDOWS\System32\SHCORE.dll
0x00007ffbd4500000 - 0x00007ffbd455e000 	C:\WINDOWS\System32\shlwapi.dll
0x00007ffbd2e80000 - 0x00007ffbd2ea6000 	C:\WINDOWS\SYSTEM32\profapi.dll
0x00007ffbcc530000 - 0x00007ffbcc53c000 	C:\Users\£¨TJX-love-LJQ£©\.jdks\openjdk-19.0.2\bin\dt_socket.dll
0x00007ffbd1a00000 - 0x00007ffbd1a2d000 	C:\WINDOWS\SYSTEM32\IPHLPAPI.DLL
0x00007ffbd23c0000 - 0x00007ffbd2429000 	C:\WINDOWS\system32\mswsock.dll
0x00007ffbccc80000 - 0x00007ffbccc93000 	C:\Users\£¨TJX-love-LJQ£©\.jdks\openjdk-19.0.2\bin\net.dll
0x00007ffbcb0d0000 - 0x00007ffbcb207000 	C:\WINDOWS\SYSTEM32\WINHTTP.dll
0x00007ffbcc540000 - 0x00007ffbcc556000 	C:\Users\£¨TJX-love-LJQ£©\.jdks\openjdk-19.0.2\bin\nio.dll
0x00007ffbbf390000 - 0x00007ffbbf3a8000 	C:\Users\£¨TJX-love-LJQ£©\.jdks\openjdk-19.0.2\bin\zip.dll
0x00007ffbd1a30000 - 0x00007ffbd1b29000 	C:\WINDOWS\SYSTEM32\DNSAPI.dll
0x00007ffbd4610000 - 0x00007ffbd4619000 	C:\WINDOWS\System32\NSI.dll
0x00007ffbc8310000 - 0x00007ffbc831a000 	C:\Windows\System32\rasadhlp.dll
0x00007ffbc92c0000 - 0x00007ffbc9344000 	C:\WINDOWS\System32\fwpuclnt.dll
0x00007ffbca1f0000 - 0x00007ffbca1fa000 	C:\Users\£¨TJX-love-LJQ£©\.jdks\openjdk-19.0.2\bin\management.dll
0x00007ffbbf380000 - 0x00007ffbbf38b000 	C:\Users\£¨TJX-love-LJQ£©\.jdks\openjdk-19.0.2\bin\management_ext.dll
0x00007ffbd39f0000 - 0x00007ffbd39f8000 	C:\WINDOWS\System32\PSAPI.DLL
0x00007ffbd27d0000 - 0x00007ffbd27eb000 	C:\WINDOWS\SYSTEM32\CRYPTSP.dll
0x00007ffbd1eb0000 - 0x00007ffbd1ee5000 	C:\WINDOWS\system32\rsaenh.dll
0x00007ffbd2460000 - 0x00007ffbd248c000 	C:\WINDOWS\SYSTEM32\USERENV.dll
0x00007ffbd2910000 - 0x00007ffbd2938000 	C:\WINDOWS\SYSTEM32\bcrypt.dll
0x00007ffbd2760000 - 0x00007ffbd276c000 	C:\WINDOWS\SYSTEM32\CRYPTBASE.dll
0x00007ffbcaf70000 - 0x00007ffbcaf89000 	C:\WINDOWS\SYSTEM32\dhcpcsvc6.DLL
0x00007ffbcad50000 - 0x00007ffbcad6f000 	C:\WINDOWS\SYSTEM32\dhcpcsvc.DLL
0x00007ffba83d0000 - 0x00007ffba83e7000 	C:\WINDOWS\system32\napinsp.dll
0x00007ffba8060000 - 0x00007ffba807b000 	C:\WINDOWS\system32\pnrpnsp.dll
0x00007ffba8040000 - 0x00007ffba8051000 	C:\WINDOWS\System32\winrnr.dll
0x00007ffbca2b0000 - 0x00007ffbca2c5000 	C:\WINDOWS\system32\wshbth.dll
0x00007ffba7e00000 - 0x00007ffba7e21000 	C:\WINDOWS\system32\nlansp_c.dll

dbghelp: loaded successfully - version: 4.0.5 - missing functions: none
symbol engine: initialized successfully - sym options: 0x614 - pdb path: .;C:\Users\£¨TJX-love-LJQ£©\.jdks\openjdk-19.0.2\bin;C:\WINDOWS\SYSTEM32;C:\WINDOWS\WinSxS\amd64_microsoft.windows.common-controls_6595b64144ccf1df_6.0.22621.2361_none_2712ced57382f843;C:\Users\£¨TJX-love-LJQ£©\.jdks\openjdk-19.0.2\bin\se;C:\Users\£¨TJX-love-LJQ£©\.jdks\openjdk-19.0.2\bin\;C:\Users\£¨TJX-love-LJQ£©\.jdks\openjdk-19.0.2\bi;C:\Users\£¨TJX-love-LJQ£©\.jdks\openjdk-19.0.2\;C:\Users\£¨TJX-love-LJQ£©\.jdks\openjdk-19.0.;C:\Users\£¨TJX-love-LJQ£©\.jdks\openjdk-19.;C:\Users\£¨TJX-love-LJQ£©\.jdks\openjdk-1;C:\Users\£¨TJX-love-LJQ£©\.jdks\openjdk;C:\Users\£¨TJX-love-LJQ£©\.jdks\openj;C:\Users\£¨TJX-love-LJQ£©\.jdks\ope;C:\Users\£¨TJX-love-LJQ£©\.jdks\o

VM Arguments:
jvm_args: -agentlib:jdwp=transport=dt_socket,address=127.0.0.1:51243,suspend=y,server=n -XX:TieredStopAtLevel=1 -Dspring.output.ansi.enabled=always -Dcom.sun.management.jmxremote -Dspring.jmx.enabled=true -Dspring.liveBeansView.mbeanDomain -Dspring.application.admin.enabled=true -Dmanagement.endpoints.jmx.exposure.include=* -Dfile.encoding=GBK -Dsun.stdout.encoding=GBK -Dsun.stderr.encoding=GBK 
java_command: com.cy.StoreApplication
java_class_path (initial): F:\Spring Boot Projects\store\target\classes;E:\Maven\local repository\org\springframework\boot\spring-boot-starter-web\2.7.17\spring-boot-starter-web-2.7.17.jar;E:\Maven\local repository\org\springframework\boot\spring-boot-starter\2.7.17\spring-boot-starter-2.7.17.jar;E:\Maven\local repository\org\springframework\boot\spring-boot\2.7.17\spring-boot-2.7.17.jar;E:\Maven\local repository\org\springframework\boot\spring-boot-autoconfigure\2.7.17\spring-boot-autoconfigure-2.7.17.jar;E:\Maven\local repository\org\springframework\boot\spring-boot-starter-logging\2.7.17\spring-boot-starter-logging-2.7.17.jar;E:\Maven\local repository\ch\qos\logback\logback-classic\1.2.12\logback-classic-1.2.12.jar;E:\Maven\local repository\ch\qos\logback\logback-core\1.2.12\logback-core-1.2.12.jar;E:\Maven\local repository\org\apache\logging\log4j\log4j-to-slf4j\2.17.2\log4j-to-slf4j-2.17.2.jar;E:\Maven\local repository\org\apache\logging\log4j\log4j-api\2.17.2\log4j-api-2.17.2.jar;E:\Maven\local repository\org\slf4j\jul-to-slf4j\1.7.36\jul-to-slf4j-1.7.36.jar;E:\Maven\local repository\jakarta\annotation\jakarta.annotation-api\1.3.5\jakarta.annotation-api-1.3.5.jar;E:\Maven\local repository\org\yaml\snakeyaml\1.30\snakeyaml-1.30.jar;E:\Maven\local repository\org\springframework\boot\spring-boot-starter-json\2.7.17\spring-boot-starter-json-2.7.17.jar;E:\Maven\local repository\com\fasterxml\jackson\core\jackson-databind\2.13.5\jackson-databind-2.13.5.jar;E:\Maven\local repository\com\fasterxml\jackson\core\jackson-annotations\2.13.5\jackson-annotations-2.13.5.jar;E:\Maven\local repository\com\fasterxml\jackson\core\jackson-core\2.13.5\jackson-core-2.13.5.jar;E:\Maven\local repository\com\fasterxml\jackson\datatype\jackson-datatype-jdk8\2.13.5\jackson-datatype-jdk8-2.13.5.jar;E:\Maven\local repository\com\fasterxml\jackson\datatype\jackson-datatype-jsr310\2.13.5\jackson-datatype-jsr310-2.13.5.jar;E:\Maven\local repository\com\fasterxml\jackson\module\jackson-module-parameter-names\2.13.5\jackson-module-parameter-names-2.13.5.jar;E:\Maven\local repository\org\springframework\boot\spring-boot-starter-tomcat\2.7.17\spring-boot-starter-tomcat-2.7.17.jar;E:\Maven\local repository\org\apache\tomcat\embed\tomcat-embed-core\9.0.82\tomcat-embed-core-9.0.82.jar;E:\Maven\local repository\org\apache\tomcat\embed\tomcat-embed-el\9.0.82\tomcat-embed-el-9.0.82.jar;E:\Maven\local repository\org\apache\tomcat\embed\tomcat-embed-websocket\9.0.82\tomcat-embed-websocket-9.0.82.jar;E:\Maven\local repository\org\springframework\spring-web\5.3.30\spring-web-5.3.30.jar;E:\Maven\local repository\org\springframework\spring-beans\5.3.30\spring-beans-5.3.30.jar;E:\Maven\local repository\org\springframework\spring-webmvc\5.3.30\spring-webmvc-5.3.30.jar;E:\Maven\local repository\org\springframework\spring-aop\5.3.30\spring-aop-5.3.30.jar;E:\Maven\local repository\org\springframework\spring-context\5.3.30\spring-context-5.3.30.jar;E:\Maven\local repository\org\springframework\spring-expression\5.3.30\spring-expression-5.3.30.jar;E:\Maven\local repository\org\mybatis\spring\boot\mybatis-spring-boot-starter\2.3.1\mybatis-spring-boot-starter-2.3.1.jar;E:\Maven\local repository\org\springframework\boot\spring-boot-starter-jdbc\2.7.17\spring-boot-starter-jdbc-2.7.17.jar;E:\Maven\local repository\com\zaxxer\HikariCP\4.0.3\HikariCP-4.0.3.jar;E:\Maven\local repository\org\springframework\spring-jdbc\5.3.30\spring-jdbc-5.3.30.jar;E:\Maven\local repository\org\mybatis\spring\boot\mybatis-spring-boot-autoconfigure\2.3.1\mybatis-spring-boot-autoconfigure-2.3.1.jar;E:\Maven\local repository\org\mybatis\mybatis\3.5.13\mybatis-3.5.13.jar;E:\Maven\local repository\org\mybatis\mybatis-spring\2.1.1\mybatis-spring-2.1.1.jar;E:\Maven\local repository\com\mysql\mysql-connector-j\8.0.33\mysql-connector-j-8.0.33.jar;E:\Maven\local repository\org\slf4j\slf4j-api\1.7.36\slf4j-api-1.7.36.jar;E:\Maven\local repository\org\springframework\spring-core\5.3.30\spring-core-5.3.30.jar;E:\Maven\local repository\org\springframework\spring-jcl\5.3.30\spring-jcl-5.3.30.jar;E:\Maven\local repository\org\springframework\spring-tx\5.3.30\spring-tx-5.3.30.jar;E:\ultimate_idea\idea\IntelliJ IDEA 2023.2.3\lib\idea_rt.jar
Launcher Type: SUN_STANDARD

[Global flags]
     intx CICompilerCount                          = 4                                         {product} {ergonomic}
     uint ConcGCThreads                            = 2                                         {product} {ergonomic}
     uint G1ConcRefinementThreads                  = 8                                         {product} {ergonomic}
   size_t G1HeapRegionSize                         = 4194304                                   {product} {ergonomic}
    uintx GCDrainStackTargetSize                   = 64                                        {product} {ergonomic}
   size_t InitialHeapSize                          = 335544320                                 {product} {ergonomic}
     bool ManagementServer                         = true                                      {product} {command line}
   size_t MarkStackSize                            = 4194304                                   {product} {ergonomic}
   size_t MaxHeapSize                              = 5326766080                                {product} {ergonomic}
   size_t MaxNewSize                               = 3196059648                                {product} {ergonomic}
   size_t MinHeapDeltaBytes                        = 4194304                                   {product} {ergonomic}
   size_t MinHeapSize                              = 8388608                                   {product} {ergonomic}
    uintx NonProfiledCodeHeapSize                  = 0                                      {pd product} {ergonomic}
     bool ProfileInterpreter                       = false                                  {pd product} {command line}
    uintx ProfiledCodeHeapSize                     = 0                                      {pd product} {ergonomic}
   size_t SoftMaxHeapSize                          = 5326766080                             {manageable} {ergonomic}
     intx TieredStopAtLevel                        = 1                                         {product} {command line}
     bool UseCompressedClassPointers               = true                           {product lp64_product} {ergonomic}
     bool UseCompressedOops                        = true                           {product lp64_product} {ergonomic}
     bool UseG1GC                                  = true                                      {product} {ergonomic}
     bool UseLargePagesIndividualAllocation        = false                                  {pd product} {ergonomic}

Logging:
Log output configuration:
 #0: stdout all=warning uptime,level,tags foldmultilines=false
 #1: stderr all=off uptime,level,tags foldmultilines=false

Environment Variables:
PATH=C:\Program Files (x86)\Common Files\Oracle\Java\javapath;F:\UbantuSystem\VMware\bin\;C:\WINDOWS\system32;E:\MySQL\mysql-8.0.30-winx64\bin;E:\Maven\apache-maven-3.9.5\bin;C:\WINDOWS;C:\WINDOWS\System32\Wbem;C:\WINDOWS\System32\WindowsPowerShell\v1.0\;C:\WINDOWS\System32\OpenSSH\;D:\Java1±à¼­Æ÷\Java_Studay\Web\apache-tomcat-8.5.84\bin;D:\HTMLÈëÃÅ\glassfish5\bin;C:\Program Files\Microsoft SQL Server\Client SDK\ODBC\170\Tools\Binn\;F:\Git\cmd;E:\CodeBlocks\MinGW\bin;C:\Users\£¨TJX-love-LJQ£©\AppData\Local\Microsoft\WindowsApps;D:\Liunx\bin;D:\Java1±à¼­Æ÷\mysql-8.0.31-winx64\bin;C:\ProgramData\Microsoft\Windows\Start Menu\Programs\MySQL\MySQL Server 8.0;D:\Program Files\MySQL\mysql-8.0.30-winx64\bin;E:\Gitee\VSCode\Microsoft VS Code\bin;E:\Maven\apache-maven-3.9.5\bin;
USERNAME=£¨TJX-love-LJQ£©
OS=Windows_NT
PROCESSOR_IDENTIFIER=Intel64 Family 6 Model 142 Stepping 12, GenuineIntel
TMP=C:\Users\£¨TJX-~1\AppData\Local\Temp
TEMP=C:\Users\£¨TJX-~1\AppData\Local\Temp



---------------  S Y S T E M  ---------------

OS:
 Windows 11 , 64 bit Build 22621 (10.0.22621.2428)
OS uptime: 0 days 4:16 hours
Hyper-V role detected

CPU: total 8 (initial active 8) (4 cores per cpu, 2 threads per core) family 6 model 142 stepping 12 microcode 0xec, cx8, cmov, fxsr, ht, mmx, 3dnowpref, sse, sse2, sse3, ssse3, sse4.1, sse4.2, popcnt, lzcnt, tsc, tscinvbit, avx, avx2, aes, erms, clmul, bmi1, bmi2, adx, fma, vzeroupper, clflush, clflushopt, hv, rdtscp

Memory: 4k page, system-wide physical 20313M (9684M free)
TotalPageFile size 21593M (AvailPageFile size 8668M)
current process WorkingSet (physical memory assigned to process): 55M, peak: 55M
current process commit charge ("private bytes"): 415M, peak: 415M

vm_info: OpenJDK 64-Bit Server VM (19.0.2+7-44) for windows-amd64 JRE (19.0.2+7-44), built on 2022-11-30T18:02:09Z by "mach5one" with MS VC++ 17.1 (VS2022)

END.
